started program
in init
3
 &FCI NORB= 72,NELEC=14,MS2= 0,

4
  ORBSYM=1,1,1,1,1,1,1,1,1,1,1,1,1,1,1,1,1,1,1,1,1,1,1,1,1,1,1,1,1,1,1,1,1,1,1,1,1,1,1,1,1,1,1,1,1,1,1,1,1,1,1,1,1,1,1,1,1,1,1,1,1,1,1,1,1,1,1,1,1,1,1,1,

5
  ISYM=0

6
 &END

found the Namelist
NORB= 72
read the namelist
found E_nucc
finished init
finished init
NORB= 72 NELECa= 7 NELECb= 6 E_nucc= -276.070580113
iters 1 Energy -328.787120884
iters 2 Energy -328.845284775
iters 3 Energy -328.867843888
iters 4 Energy -328.881764824
iters 5 Energy -328.888290008
iters 6 Energy -328.89113006
iters 7 Energy -328.892178939
iters 8 Energy -328.892558225
iters 9 Energy -328.892690019
iters 10 Energy -328.892736039
iters 11 Energy -328.892752179
iters 12 Energy -328.892757933
iters 13 Energy -328.892760021
iters 14 Energy -328.892760795
iters 15 Energy -328.892761088
iters 16 Energy -328.892761202
iters 17 Energy -328.892761247
finished calculation
skipped newFCIDUMP
Done
