started program
in init
3
 &FCI NORB= 72,NELEC=14,MS2= 0,

4
  ORBSYM=1,1,1,1,1,1,1,1,1,1,1,1,1,1,1,1,1,1,1,1,1,1,1,1,1,1,1,1,1,1,1,1,1,1,1,1,1,1,1,1,1,1,1,1,1,1,1,1,1,1,1,1,1,1,1,1,1,1,1,1,1,1,1,1,1,1,1,1,1,1,1,1,

5
  ISYM=0

6
 &END

found the Namelist
NORB= 72
read the namelist
found E_nucc
finished init
finished init
NORB= 72 NELECa= 7 NELECb= 6 E_nucc= -277.701713199
iters 1 Energy -328.757116355
iters 2 Energy -328.858478086
iters 3 Energy -328.887851237
iters 4 Energy -328.896473876
iters 5 Energy -328.898307261
iters 6 Energy -328.898695827
iters 7 Energy -328.898775443
iters 8 Energy -328.898792644
iters 9 Energy -328.898796681
iters 10 Energy -328.898797765
iters 11 Energy -328.898798108
iters 12 Energy -328.898798234
iters 13 Energy -328.898798288
finished calculation
skipped newFCIDUMP
Done
