started program
in init
3
 &FCI NORB= 72,NELEC=14,MS2= 0,

4
  ORBSYM=1,1,1,1,1,1,1,1,1,1,1,1,1,1,1,1,1,1,1,1,1,1,1,1,1,1,1,1,1,1,1,1,1,1,1,1,1,1,1,1,1,1,1,1,1,1,1,1,1,1,1,1,1,1,1,1,1,1,1,1,1,1,1,1,1,1,1,1,1,1,1,1,

5
  ISYM=0

6
 &END

found the Namelist
NORB= 72
read the namelist
found E_nucc
finished init
finished init
NORB= 72 NELECa= 7 NELECb= 6 E_nucc= -272.746859791
iters 1 Energy -328.778445114
iters 2 Energy -328.815818952
iters 3 Energy -328.821238058
iters 4 Energy -328.823201679
iters 5 Energy -328.824302312
iters 6 Energy -328.825012849
iters 7 Energy -328.825494437
iters 8 Energy -328.82582817
iters 9 Energy -328.826060985
iters 10 Energy -328.826223749
iters 11 Energy -328.826337287
iters 12 Energy -328.826416285
iters 13 Energy -328.826471056
iters 14 Energy -328.826508914
iters 15 Energy -328.826535003
iters 16 Energy -328.826552935
iters 17 Energy -328.826565234
iters 18 Energy -328.826573652
iters 19 Energy -328.826579405
iters 20 Energy -328.826583332
iters 21 Energy -328.826586009
iters 22 Energy -328.826587833
iters 23 Energy -328.826589074
iters 24 Energy -328.826589918
iters 25 Energy -328.826590492
iters 26 Energy -328.826590882
iters 27 Energy -328.826591147
iters 28 Energy -328.826591327
iters 29 Energy -328.826591449
iters 30 Energy -328.826591532
finished calculation
skipped newFCIDUMP
Done
