started program
in init
3
 &FCI NORB= 72,NELEC=14,MS2= 0,

4
  ORBSYM=1,1,1,1,1,1,1,1,1,1,1,1,1,1,1,1,1,1,1,1,1,1,1,1,1,1,1,1,1,1,1,1,1,1,1,1,1,1,1,1,1,1,1,1,1,1,1,1,1,1,1,1,1,1,1,1,1,1,1,1,1,1,1,1,1,1,1,1,1,1,1,1,

5
  ISYM=0

6
 &END

found the Namelist
NORB= 72
read the namelist
found E_nucc
finished init
finished init
NORB= 72 NELECa= 7 NELECb= 6 E_nucc= -273.396889155
iters 1 Energy -328.793627917
iters 2 Energy -328.832020079
iters 3 Energy -328.838350392
iters 4 Energy -328.841129372
iters 5 Energy -328.842905063
iters 6 Energy -328.844161346
iters 7 Energy -328.845067194
iters 8 Energy -328.845724257
iters 9 Energy -328.846195808
iters 10 Energy -328.846531214
iters 11 Energy -328.846766518
iters 12 Energy -328.846929822
iters 13 Energy -328.847041873
iters 14 Energy -328.847118067
iters 15 Energy -328.847169451
iters 16 Energy -328.847203874
iters 17 Energy -328.847226805
iters 18 Energy -328.847242011
iters 19 Energy -328.847252056
iters 20 Energy -328.847258672
iters 21 Energy -328.847263019
iters 22 Energy -328.847265869
iters 23 Energy -328.847267736
iters 24 Energy -328.847268956
iters 25 Energy -328.847269754
iters 26 Energy -328.847270275
iters 27 Energy -328.847270614
iters 28 Energy -328.847270836
iters 29 Energy -328.847270981
iters 30 Energy -328.847271075
finished calculation
skipped newFCIDUMP
Done
