started program
in init
3
 &FCI NORB= 72,NELEC=14,MS2= 0,

4
  ORBSYM=1,1,1,1,1,1,1,1,1,1,1,1,1,1,1,1,1,1,1,1,1,1,1,1,1,1,1,1,1,1,1,1,1,1,1,1,1,1,1,1,1,1,1,1,1,1,1,1,1,1,1,1,1,1,1,1,1,1,1,1,1,1,1,1,1,1,1,1,1,1,1,1,

5
  ISYM=0

6
 &END

found the Namelist
NORB= 72
read the namelist
found E_nucc
finished init
finished init
NORB= 72 NELECa= 7 NELECb= 6 E_nucc= -274.003166318
iters 1 Energy -328.800849892
iters 2 Energy -328.840756426
iters 3 Energy -328.848533002
iters 4 Energy -328.852643416
iters 5 Energy -328.855515896
iters 6 Energy -328.857643084
iters 7 Energy -328.859184887
iters 8 Energy -328.860285517
iters 9 Energy -328.861043304
iters 10 Energy -328.861552637
iters 11 Energy -328.861885092
iters 12 Energy -328.86209767
iters 13 Energy -328.862230926
iters 14 Energy -328.862313263
iters 15 Energy -328.862363515
iters 16 Energy -328.862393909
iters 17 Energy -328.862412159
iters 18 Energy -328.862423061
iters 19 Energy -328.862429547
iters 20 Energy -328.862433396
iters 21 Energy -328.862435676
iters 22 Energy -328.862437025
iters 23 Energy -328.862437823
iters 24 Energy -328.862438295
iters 25 Energy -328.862438574
iters 26 Energy -328.86243874
iters 27 Energy -328.862438838
finished calculation
skipped newFCIDUMP
Done
