started program
in init
3
 &FCI NORB= 72,NELEC=14,MS2= 0,

4
  ORBSYM=1,1,1,1,1,1,1,1,1,1,1,1,1,1,1,1,1,1,1,1,1,1,1,1,1,1,1,1,1,1,1,1,1,1,1,1,1,1,1,1,1,1,1,1,1,1,1,1,1,1,1,1,1,1,1,1,1,1,1,1,1,1,1,1,1,1,1,1,1,1,1,1,

5
  ISYM=0

6
 &END

found the Namelist
NORB= 72
read the namelist
found E_nucc
finished init
finished init
NORB= 72 NELECa= 7 NELECb= 6 E_nucc= -275.101581418
iters 1 Energy -328.799531327
iters 2 Energy -328.845236308
iters 3 Energy -328.858572423
iters 4 Energy -328.867519429
iters 5 Energy -328.873571781
iters 6 Energy -328.877525224
iters 7 Energy -328.87979358
iters 8 Energy -328.881029375
iters 9 Energy -328.881653311
iters 10 Energy -328.881958183
iters 11 Energy -328.882102253
iters 12 Energy -328.882169304
iters 13 Energy -328.882200144
iters 14 Energy -328.882214261
iters 15 Energy -328.88222071
iters 16 Energy -328.88222366
iters 17 Energy -328.882225014
iters 18 Energy -328.88222564
iters 19 Energy -328.882225932
iters 20 Energy -328.882226071
iters 21 Energy -328.882226138
finished calculation
skipped newFCIDUMP
Done
