started program
in init
3
 &FCI NORB= 72,NELEC=14,MS2= 0,

4
  ORBSYM=1,1,1,1,1,1,1,1,1,1,1,1,1,1,1,1,1,1,1,1,1,1,1,1,1,1,1,1,1,1,1,1,1,1,1,1,1,1,1,1,1,1,1,1,1,1,1,1,1,1,1,1,1,1,1,1,1,1,1,1,1,1,1,1,1,1,1,1,1,1,1,1,

5
  ISYM=0

6
 &END

found the Namelist
NORB= 72
read the namelist
found E_nucc
finished init
finished init
NORB= 72 NELECa= 7 NELECb= 6 E_nucc= -276.931526832
iters 1 Energy -328.771690076
iters 2 Energy -328.850391313
iters 3 Energy -328.87972226
iters 4 Energy -328.892414015
iters 5 Energy -328.896126456
iters 6 Energy -328.897176846
iters 7 Energy -328.89744578
iters 8 Energy -328.897516361
iters 9 Energy -328.897535224
iters 10 Energy -328.897540544
iters 11 Energy -328.897542139
iters 12 Energy -328.897542652
iters 13 Energy -328.897542827
iters 14 Energy -328.897542891
finished calculation
skipped newFCIDUMP
Done
