started program
in init
3
 &FCI NORB= 72,NELEC=14,MS2= 0,

4
  ORBSYM=1,1,1,1,1,1,1,1,1,1,1,1,1,1,1,1,1,1,1,1,1,1,1,1,1,1,1,1,1,1,1,1,1,1,1,1,1,1,1,1,1,1,1,1,1,1,1,1,1,1,1,1,1,1,1,1,1,1,1,1,1,1,1,1,1,1,1,1,1,1,1,1,

5
  ISYM=0

6
 &END

found the Namelist
NORB= 72
read the namelist
found E_nucc
finished init
finished init
NORB= 72 NELECa= 7 NELECb= 6 E_nucc= -278.395263569
iters 1 Energy -328.744054033
iters 2 Energy -328.863233277
iters 3 Energy -328.890373943
iters 4 Energy -328.896474749
iters 5 Energy -328.897614709
iters 6 Energy -328.897841673
iters 7 Energy -328.897898206
iters 8 Energy -328.89792162
iters 9 Energy -328.897936948
iters 10 Energy -328.89794917
iters 11 Energy -328.897959488
iters 12 Energy -328.897968347
iters 13 Energy -328.897975994
iters 14 Energy -328.897982611
iters 15 Energy -328.897988341
iters 16 Energy -328.897993305
iters 17 Energy -328.897997607
iters 18 Energy -328.898001335
iters 19 Energy -328.898004566
iters 20 Energy -328.898007366
iters 21 Energy -328.898009793
iters 22 Energy -328.898011896
iters 23 Energy -328.898013718
iters 24 Energy -328.898015298
iters 25 Energy -328.898016667
iters 26 Energy -328.898017853
iters 27 Energy -328.898018881
iters 28 Energy -328.898019772
iters 29 Energy -328.898020545
iters 30 Energy -328.898021214
iters 31 Energy -328.898021794
iters 32 Energy -328.898022296
iters 33 Energy -328.898022732
iters 34 Energy -328.898023109
iters 35 Energy -328.898023436
iters 36 Energy -328.89802372
iters 37 Energy -328.898023965
iters 38 Energy -328.898024178
iters 39 Energy -328.898024363
iters 40 Energy -328.898024522
iters 41 Energy -328.898024661
iters 42 Energy -328.898024781
iters 43 Energy -328.898024885
iters 44 Energy -328.898024975
finished calculation
skipped newFCIDUMP
Done
