started program
in init
3
 &FCI NORB= 72,NELEC=14,MS2= 0,

4
  ORBSYM=1,1,1,1,1,1,1,1,1,1,1,1,1,1,1,1,1,1,1,1,1,1,1,1,1,1,1,1,1,1,1,1,1,1,1,1,1,1,1,1,1,1,1,1,1,1,1,1,1,1,1,1,1,1,1,1,1,1,1,1,1,1,1,1,1,1,1,1,1,1,1,1,

5
  ISYM=0

6
 &END

found the Namelist
NORB= 72
read the namelist
found E_nucc
finished init
finished init
NORB= 72 NELECa= 7 NELECb= 6 E_nucc= -271.651748947
iters 1 Energy -328.812677783
iters 2 Energy -328.857772819
iters 3 Energy -328.868121136
iters 4 Energy -328.875081604
iters 5 Energy -328.880632428
iters 6 Energy -328.884998227
iters 7 Energy -328.888096296
iters 8 Energy -328.890148953
iters 9 Energy -328.89139046
iters 10 Energy -328.8920985
iters 11 Energy -328.892480061
iters 12 Energy -328.89267822
iters 13 Energy -328.892778098
iters 14 Energy -328.892827452
iters 15 Energy -328.892851487
iters 16 Energy -328.892863079
iters 17 Energy -328.892868632
iters 18 Energy -328.892871281
iters 19 Energy -328.89287254
iters 20 Energy -328.892873137
iters 21 Energy -328.892873421
iters 22 Energy -328.892873555
iters 23 Energy -328.892873619
finished calculation
skipped newFCIDUMP
Done
