in init
3
 &FCI NORB= 72,NELEC=14,MS2= 0,

4
  ORBSYM=1,1,1,1,1,1,1,1,1,1,1,1,1,1,1,1,1,1,1,1,1,1,1,1,1,1,1,1,1,1,1,1,1,1,1,1,1,1,1,1,1,1,1,1,1,1,1,1,1,1,1,1,1,1,1,1,1,1,1,1,1,1,1,1,1,1,1,1,1,1,1,1,

5
  ISYM=0

6
 &END

found the Namelist
NORB= 72
read the namelist
found E_nucc
finished init
NELECd= 15 NELECs= 1 NELECe= 56 NORB= 72
ENERGY: -293.568228493 ITERATION: 1
ENERGY: -269.64836754 ITERATION: 1
ENERGY: -290.74729932 ITERATION: 2
ENERGY: -324.204914768 ITERATION: 2
ENERGY: -289.135311816 ITERATION: 3
ENERGY: -271.65598995 ITERATION: 3
ENERGY: -287.495606639 ITERATION: 4
ENERGY: -331.484729485 ITERATION: 4
ENERGY: -280.611967672 ITERATION: 5
ENERGY: -267.499755713 ITERATION: 5
ENERGY: -283.671311652 ITERATION: 6
ENERGY: -339.741755303 ITERATION: 6
ENERGY: -268.959599197 ITERATION: 7
ENERGY: -262.969028293 ITERATION: 7
ENERGY: -276.887228201 ITERATION: 8
ENERGY: -351.051391755 ITERATION: 8
ENERGY: -236.058325481 ITERATION: 9
ENERGY: -261.856240732 ITERATION: 9
ENERGY: -272.157400846 ITERATION: 10
ENERGY: -354.171395257 ITERATION: 10
ENERGY: -227.724996661 ITERATION: 11
ENERGY: -262.218311376 ITERATION: 11
ENERGY: -271.609930507 ITERATION: 12
ENERGY: -354.149030285 ITERATION: 12
ENERGY: -226.664246101 ITERATION: 13
ENERGY: -262.358984588 ITERATION: 13
ENERGY: -271.540303415 ITERATION: 14
ENERGY: -354.099917078 ITERATION: 14
ENERGY: -226.461158794 ITERATION: 15
ENERGY: -262.399453898 ITERATION: 15
ENERGY: -271.528216253 ITERATION: 16
ENERGY: -354.084114144 ITERATION: 16
ENERGY: -226.418118274 ITERATION: 17
ENERGY: -262.409625041 ITERATION: 17
ENERGY: -271.526119129 ITERATION: 18
ENERGY: -354.079908585 ITERATION: 18
ENERGY: -226.408934684 ITERATION: 19
ENERGY: -262.412001679 ITERATION: 19
ENERGY: -271.525770101 ITERATION: 20
ENERGY: -354.078890744 ITERATION: 20
ENERGY: -226.406949728 ITERATION: 21
ENERGY: -262.412543127 ITERATION: 21
ENERGY: -271.525706124 ITERATION: 22
ENERGY: -354.07865555 ITERATION: 22
ENERGY: -226.406509038 ITERATION: 23
ENERGY: -262.412666126 ITERATION: 23
ENERGY: -271.525692553 ITERATION: 24
ENERGY: -354.078601981 ITERATION: 24
ENERGY: -226.406409298 ITERATION: 25
ENERGY: -262.412694144 ITERATION: 25
ENERGY: -271.525689467 ITERATION: 26
ENERGY: -354.078589785 ITERATION: 26
ENERGY: -226.406386588 ITERATION: 27
ENERGY: -262.412700531 ITERATION: 27
ENERGY: -271.525688763 ITERATION: 28
ENERGY: -354.078587005 ITERATION: 28
ENERGY: -226.406381419 ITERATION: 29
ENERGY: -262.412701986 ITERATION: 29
ENERGY: -271.525688603 ITERATION: 30
ENERGY: -354.078586371 ITERATION: 30
ENERGY: -226.406380243 ITERATION: 31
ENERGY: -262.412702317 ITERATION: 31
ENERGY: -271.525688567 ITERATION: 32
ENERGY: -354.078586227 ITERATION: 32
ENERGY: -226.406379976 ITERATION: 33
ENERGY: -262.412702392 ITERATION: 33
ENERGY: -271.525688559 ITERATION: 34
ENERGY: -354.078586194 ITERATION: 34
ENERGY: -226.406379915 ITERATION: 35
ENERGY: -262.41270241 ITERATION: 35
ENERGY: -271.525688557 ITERATION: 36
ENERGY: -354.078586186 ITERATION: 36
ENERGY: -226.406379901 ITERATION: 37
ENERGY: -262.412702413 ITERATION: 37
ENERGY: -271.525688557 ITERATION: 38
ENERGY: -354.078586185 ITERATION: 38
ENERGY: -226.406379898 ITERATION: 39
ENERGY: -262.412702414 ITERATION: 39
ENERGY: -271.525688557 ITERATION: 40
ENERGY: -354.078586184 ITERATION: 40
ENERGY: -226.406379898 ITERATION: 41
ENERGY: -262.412702415 ITERATION: 41
ENERGY: -271.525688557 ITERATION: 42
ENERGY: -354.078586184 ITERATION: 42
ENERGY: -226.406379897 ITERATION: 43
ENERGY: -262.412702415 ITERATION: 43
ENERGY: -271.525688557 ITERATION: 44
ENERGY: -354.078586184 ITERATION: 44
ENERGY: -226.406379897 ITERATION: 45
ENERGY: -262.412702415 ITERATION: 45
ENERGY: -271.525688557 ITERATION: 46
ENERGY: -354.078586184 ITERATION: 46
ENERGY: -226.406379897 ITERATION: 47
ENERGY: -262.412702415 ITERATION: 47
ENERGY: -271.525688557 ITERATION: 48
ENERGY: -354.078586184 ITERATION: 48
ENERGY: -226.406379897 ITERATION: 49
ENERGY: -262.412702415 ITERATION: 49
ENERGY: -271.525688557 ITERATION: 50
ENERGY: -354.078586184 ITERATION: 50
ENERGY: -226.406379897 ITERATION: 51
ENERGY: -262.412702415 ITERATION: 51
ENERGY: -271.525688557 ITERATION: 52
ENERGY: -354.078586184 ITERATION: 52
ENERGY: -226.406379897 ITERATION: 53
ENERGY: -262.412702415 ITERATION: 53
ENERGY: -271.525688557 ITERATION: 54
ENERGY: -354.078586184 ITERATION: 54
ENERGY: -226.406379897 ITERATION: 55
ENERGY: -262.412702415 ITERATION: 55
ENERGY: -271.525688557 ITERATION: 56
ENERGY: -354.078586184 ITERATION: 56
ENERGY: -226.406379897 ITERATION: 57
ENERGY: -262.412702415 ITERATION: 57
ENERGY: -271.525688557 ITERATION: 58
ENERGY: -354.078586184 ITERATION: 58
ENERGY: -226.406379897 ITERATION: 59
ENERGY: -262.412702415 ITERATION: 59
ENERGY: -271.525688557 ITERATION: 60
ENERGY: -354.078586184 ITERATION: 60
ENERGY: -226.406379897 ITERATION: 61
ENERGY: -262.412702415 ITERATION: 61
ENERGY: -271.525688557 ITERATION: 62
ENERGY: -354.078586184 ITERATION: 62
ENERGY: -226.406379897 ITERATION: 63
ENERGY: -262.412702415 ITERATION: 63
ENERGY: -271.525688557 ITERATION: 64
ENERGY: -354.078586184 ITERATION: 64
ENERGY: -226.406379897 ITERATION: 65
ENERGY: -262.412702415 ITERATION: 65
ENERGY: -271.525688557 ITERATION: 66
ENERGY: -354.078586184 ITERATION: 66
ENERGY: -226.406379897 ITERATION: 67
ENERGY: -262.412702415 ITERATION: 67
ENERGY: -271.525688557 ITERATION: 68
ENERGY: -354.078586184 ITERATION: 68
ENERGY: -226.406379897 ITERATION: 69
ENERGY: -262.412702415 ITERATION: 69
ENERGY: -271.525688557 ITERATION: 70
ENERGY: -354.078586184 ITERATION: 70
ENERGY: -226.406379897 ITERATION: 71
ENERGY: -262.412702415 ITERATION: 71
ENERGY: -271.525688557 ITERATION: 72
ENERGY: -354.078586184 ITERATION: 72
ENERGY: -226.406379897 ITERATION: 73
ENERGY: -262.412702415 ITERATION: 73
ENERGY: -271.525688557 ITERATION: 74
ENERGY: -354.078586184 ITERATION: 74
ENERGY: -226.406379897 ITERATION: 75
ENERGY: -262.412702415 ITERATION: 75
ENERGY: -271.525688557 ITERATION: 76
ENERGY: -354.078586184 ITERATION: 76
ENERGY: -226.406379897 ITERATION: 77
ENERGY: -262.412702415 ITERATION: 77
ENERGY: -271.525688557 ITERATION: 78
ENERGY: -354.078586184 ITERATION: 78
ENERGY: -226.406379897 ITERATION: 79
ENERGY: -262.412702415 ITERATION: 79
ENERGY: -271.525688557 ITERATION: 80
ENERGY: -354.078586184 ITERATION: 80
ENERGY: -226.406379897 ITERATION: 81
ENERGY: -262.412702415 ITERATION: 81
ENERGY: -271.525688557 ITERATION: 82
ENERGY: -354.078586184 ITERATION: 82
ENERGY: -226.406379897 ITERATION: 83
ENERGY: -262.412702415 ITERATION: 83
ENERGY: -271.525688557 ITERATION: 84
ENERGY: -354.078586184 ITERATION: 84
ENERGY: -226.406379897 ITERATION: 85
ENERGY: -262.412702415 ITERATION: 85
ENERGY: -271.525688557 ITERATION: 86
ENERGY: -354.078586184 ITERATION: 86
ENERGY: -226.406379897 ITERATION: 87
ENERGY: -262.412702415 ITERATION: 87
ENERGY: -271.525688557 ITERATION: 88
ENERGY: -354.078586184 ITERATION: 88
ENERGY: -226.406379897 ITERATION: 89
ENERGY: -262.412702415 ITERATION: 89
ENERGY: -271.525688557 ITERATION: 90
ENERGY: -354.078586184 ITERATION: 90
ENERGY: -226.406379897 ITERATION: 91
ENERGY: -262.412702415 ITERATION: 91
ENERGY: -271.525688557 ITERATION: 92
ENERGY: -354.078586184 ITERATION: 92
ENERGY: -226.406379897 ITERATION: 93
ENERGY: -262.412702415 ITERATION: 93
ENERGY: -271.525688557 ITERATION: 94
ENERGY: -354.078586184 ITERATION: 94
ENERGY: -226.406379897 ITERATION: 95
ENERGY: -262.412702415 ITERATION: 95
ENERGY: -271.525688557 ITERATION: 96
ENERGY: -354.078586184 ITERATION: 96
ENERGY: -226.406379897 ITERATION: 97
ENERGY: -262.412702415 ITERATION: 97
ENERGY: -271.525688557 ITERATION: 98
ENERGY: -354.078586184 ITERATION: 98
ENERGY: -226.406379897 ITERATION: 99
ENERGY: -262.412702415 ITERATION: 99
ENERGY: -271.525688557 ITERATION: 100
ENERGY: -354.078586184 ITERATION: 100
ENERGY: -226.406379897 ITERATION: 101
ENERGY: -262.412702415 ITERATION: 101
ENERGY: -271.525688557 ITERATION: 102
ENERGY: -354.078586184 ITERATION: 102
ENERGY: -226.406379897 ITERATION: 103
ENERGY: -262.412702415 ITERATION: 103
ENERGY: -271.525688557 ITERATION: 104
ENERGY: -354.078586184 ITERATION: 104
ENERGY: -226.406379897 ITERATION: 105
ENERGY: -262.412702415 ITERATION: 105
ENERGY: -271.525688557 ITERATION: 106
ENERGY: -354.078586184 ITERATION: 106
ENERGY: -226.406379897 ITERATION: 107
ENERGY: -262.412702415 ITERATION: 107
ENERGY: -271.525688557 ITERATION: 108
ENERGY: -354.078586184 ITERATION: 108
ENERGY: -226.406379897 ITERATION: 109
ENERGY: -262.412702415 ITERATION: 109
ENERGY: -271.525688557 ITERATION: 110
ENERGY: -354.078586184 ITERATION: 110
ENERGY: -226.406379897 ITERATION: 111
ENERGY: -262.412702415 ITERATION: 111
ENERGY: -271.525688557 ITERATION: 112
ENERGY: -354.078586184 ITERATION: 112
ENERGY: -226.406379897 ITERATION: 113
ENERGY: -262.412702415 ITERATION: 113
ENERGY: -271.525688557 ITERATION: 114
ENERGY: -354.078586184 ITERATION: 114
ENERGY: -226.406379897 ITERATION: 115
ENERGY: -262.412702415 ITERATION: 115
ENERGY: -271.525688557 ITERATION: 116
ENERGY: -354.078586184 ITERATION: 116
ENERGY: -226.406379897 ITERATION: 117
ENERGY: -262.412702415 ITERATION: 117
ENERGY: -271.525688557 ITERATION: 118
ENERGY: -354.078586184 ITERATION: 118
ENERGY: -226.406379897 ITERATION: 119
ENERGY: -262.412702415 ITERATION: 119
ENERGY: -271.525688557 ITERATION: 120
ENERGY: -354.078586184 ITERATION: 120
ENERGY: -226.406379897 ITERATION: 121
ENERGY: -262.412702415 ITERATION: 121
ENERGY: -271.525688557 ITERATION: 122
ENERGY: -354.078586184 ITERATION: 122
ENERGY: -226.406379897 ITERATION: 123
ENERGY: -262.412702415 ITERATION: 123
ENERGY: -271.525688557 ITERATION: 124
ENERGY: -354.078586184 ITERATION: 124
ENERGY: -226.406379897 ITERATION: 125
ENERGY: -262.412702415 ITERATION: 125
ENERGY: -271.525688557 ITERATION: 126
ENERGY: -354.078586184 ITERATION: 126
ENERGY: -226.406379897 ITERATION: 127
ENERGY: -262.412702415 ITERATION: 127
ENERGY: -271.525688557 ITERATION: 128
ENERGY: -354.078586184 ITERATION: 128
ENERGY: -226.406379897 ITERATION: 129
ENERGY: -262.412702415 ITERATION: 129
ENERGY: -271.525688557 ITERATION: 130
ENERGY: -354.078586184 ITERATION: 130
ENERGY: -226.406379897 ITERATION: 131
ENERGY: -262.412702415 ITERATION: 131
ENERGY: -271.525688557 ITERATION: 132
ENERGY: -354.078586184 ITERATION: 132
ENERGY: -226.406379897 ITERATION: 133
ENERGY: -262.412702415 ITERATION: 133
ENERGY: -271.525688557 ITERATION: 134
ENERGY: -354.078586184 ITERATION: 134
ENERGY: -226.406379897 ITERATION: 135
ENERGY: -262.412702415 ITERATION: 135
ENERGY: -271.525688557 ITERATION: 136
ENERGY: -354.078586184 ITERATION: 136
ENERGY: -226.406379897 ITERATION: 137
ENERGY: -262.412702415 ITERATION: 137
ENERGY: -271.525688557 ITERATION: 138
ENERGY: -354.078586184 ITERATION: 138
ENERGY: -226.406379897 ITERATION: 139
ENERGY: -262.412702415 ITERATION: 139
ENERGY: -271.525688557 ITERATION: 140
ENERGY: -354.078586184 ITERATION: 140
ENERGY: -226.406379897 ITERATION: 141
ENERGY: -262.412702415 ITERATION: 141
ENERGY: -271.525688557 ITERATION: 142
ENERGY: -354.078586184 ITERATION: 142
ENERGY: -226.406379897 ITERATION: 143
ENERGY: -262.412702415 ITERATION: 143
ENERGY: -271.525688557 ITERATION: 144
ENERGY: -354.078586184 ITERATION: 144
ENERGY: -226.406379897 ITERATION: 145
ENERGY: -262.412702415 ITERATION: 145
ENERGY: -271.525688557 ITERATION: 146
ENERGY: -354.078586184 ITERATION: 146
ENERGY: -226.406379897 ITERATION: 147
ENERGY: -262.412702415 ITERATION: 147
ENERGY: -271.525688557 ITERATION: 148
ENERGY: -354.078586184 ITERATION: 148
ENERGY: -226.406379897 ITERATION: 149
ENERGY: -262.412702415 ITERATION: 149
ENERGY: -271.525688557 ITERATION: 150
ENERGY: -354.078586184 ITERATION: 150
ENERGY: -226.406379897 ITERATION: 151
ENERGY: -262.412702415 ITERATION: 151
ENERGY: -271.525688557 ITERATION: 152
ENERGY: -354.078586184 ITERATION: 152
ENERGY: -226.406379897 ITERATION: 153
ENERGY: -262.412702415 ITERATION: 153
ENERGY: -271.525688557 ITERATION: 154
ENERGY: -354.078586184 ITERATION: 154
ENERGY: -226.406379897 ITERATION: 155
ENERGY: -262.412702415 ITERATION: 155
ENERGY: -271.525688557 ITERATION: 156
ENERGY: -354.078586184 ITERATION: 156
ENERGY: -226.406379897 ITERATION: 157
ENERGY: -262.412702415 ITERATION: 157
ENERGY: -271.525688557 ITERATION: 158
ENERGY: -354.078586184 ITERATION: 158
ENERGY: -226.406379897 ITERATION: 159
ENERGY: -262.412702415 ITERATION: 159
ENERGY: -271.525688557 ITERATION: 160
ENERGY: -354.078586184 ITERATION: 160
ENERGY: -226.406379897 ITERATION: 161
ENERGY: -262.412702415 ITERATION: 161
ENERGY: -271.525688557 ITERATION: 162
ENERGY: -354.078586184 ITERATION: 162
ENERGY: -226.406379897 ITERATION: 163
ENERGY: -262.412702415 ITERATION: 163
ENERGY: -271.525688557 ITERATION: 164
ENERGY: -354.078586184 ITERATION: 164
ENERGY: -226.406379897 ITERATION: 165
ENERGY: -262.412702415 ITERATION: 165
ENERGY: -271.525688557 ITERATION: 166
ENERGY: -354.078586184 ITERATION: 166
ENERGY: -226.406379897 ITERATION: 167
ENERGY: -262.412702415 ITERATION: 167
ENERGY: -271.525688557 ITERATION: 168
ENERGY: -354.078586184 ITERATION: 168
ENERGY: -226.406379897 ITERATION: 169
ENERGY: -262.412702415 ITERATION: 169
ENERGY: -271.525688557 ITERATION: 170
ENERGY: -354.078586184 ITERATION: 170
ENERGY: -226.406379897 ITERATION: 171
ENERGY: -262.412702415 ITERATION: 171
ENERGY: -271.525688557 ITERATION: 172
ENERGY: -354.078586184 ITERATION: 172
ENERGY: -226.406379897 ITERATION: 173
ENERGY: -262.412702415 ITERATION: 173
ENERGY: -271.525688557 ITERATION: 174
ENERGY: -354.078586184 ITERATION: 174
ENERGY: -226.406379897 ITERATION: 175
ENERGY: -262.412702415 ITERATION: 175
ENERGY: -271.525688557 ITERATION: 176
ENERGY: -354.078586184 ITERATION: 176
ENERGY: -226.406379897 ITERATION: 177
ENERGY: -262.412702415 ITERATION: 177
ENERGY: -271.525688557 ITERATION: 178
ENERGY: -354.078586184 ITERATION: 178
ENERGY: -226.406379897 ITERATION: 179
ENERGY: -262.412702415 ITERATION: 179
ENERGY: -271.525688557 ITERATION: 180
ENERGY: -354.078586184 ITERATION: 180
ENERGY: -226.406379897 ITERATION: 181
ENERGY: -262.412702415 ITERATION: 181
ENERGY: -271.525688557 ITERATION: 182
ENERGY: -354.078586184 ITERATION: 182
ENERGY: -226.406379897 ITERATION: 183
ENERGY: -262.412702415 ITERATION: 183
ENERGY: -271.525688557 ITERATION: 184
ENERGY: -354.078586184 ITERATION: 184
ENERGY: -226.406379897 ITERATION: 185
ENERGY: -262.412702415 ITERATION: 185
ENERGY: -271.525688557 ITERATION: 186
ENERGY: -354.078586184 ITERATION: 186
ENERGY: -226.406379897 ITERATION: 187
ENERGY: -262.412702415 ITERATION: 187
ENERGY: -271.525688557 ITERATION: 188
ENERGY: -354.078586184 ITERATION: 188
ENERGY: -226.406379897 ITERATION: 189
ENERGY: -262.412702415 ITERATION: 189
ENERGY: -271.525688557 ITERATION: 190
ENERGY: -354.078586184 ITERATION: 190
ENERGY: -226.406379897 ITERATION: 191
ENERGY: -262.412702415 ITERATION: 191
ENERGY: -271.525688557 ITERATION: 192
ENERGY: -354.078586184 ITERATION: 192
ENERGY: -226.406379897 ITERATION: 193
ENERGY: -262.412702415 ITERATION: 193
ENERGY: -271.525688557 ITERATION: 194
ENERGY: -354.078586184 ITERATION: 194
ENERGY: -226.406379897 ITERATION: 195
ENERGY: -262.412702415 ITERATION: 195
ENERGY: -271.525688557 ITERATION: 196
ENERGY: -354.078586184 ITERATION: 196
ENERGY: -226.406379897 ITERATION: 197
ENERGY: -262.412702415 ITERATION: 197
ENERGY: -271.525688557 ITERATION: 198
ENERGY: -354.078586184 ITERATION: 198
ENERGY: -226.406379897 ITERATION: 199
ENERGY: -262.412702415 ITERATION: 199
ENERGY: -271.525688557 ITERATION: 200
ENERGY: -354.078586184 ITERATION: 200
ENERGY: -226.406379897 ITERATION: 201
ENERGY: -262.412702415 ITERATION: 201
ENERGY: -271.525688557 ITERATION: 202
ENERGY: -354.078586184 ITERATION: 202
ENERGY: -226.406379897 ITERATION: 203
ENERGY: -262.412702415 ITERATION: 203
ENERGY: -271.525688557 ITERATION: 204
ENERGY: -354.078586184 ITERATION: 204
ENERGY: -226.406379897 ITERATION: 205
ENERGY: -262.412702415 ITERATION: 205
ENERGY: -271.525688557 ITERATION: 206
ENERGY: -354.078586184 ITERATION: 206
ENERGY: -226.406379897 ITERATION: 207
ENERGY: -262.412702415 ITERATION: 207
ENERGY: -271.525688557 ITERATION: 208
ENERGY: -354.078586184 ITERATION: 208
ENERGY: -226.406379897 ITERATION: 209
ENERGY: -262.412702415 ITERATION: 209
ENERGY: -271.525688557 ITERATION: 210
ENERGY: -354.078586184 ITERATION: 210
ENERGY: -226.406379897 ITERATION: 211
ENERGY: -262.412702415 ITERATION: 211
ENERGY: -271.525688557 ITERATION: 212
ENERGY: -354.078586184 ITERATION: 212
ENERGY: -226.406379897 ITERATION: 213
ENERGY: -262.412702415 ITERATION: 213
ENERGY: -271.525688557 ITERATION: 214
ENERGY: -354.078586184 ITERATION: 214
ENERGY: -226.406379897 ITERATION: 215
ENERGY: -262.412702415 ITERATION: 215
ENERGY: -271.525688557 ITERATION: 216
ENERGY: -354.078586184 ITERATION: 216
ENERGY: -226.406379897 ITERATION: 217
ENERGY: -262.412702415 ITERATION: 217
ENERGY: -271.525688557 ITERATION: 218
ENERGY: -354.078586184 ITERATION: 218
ENERGY: -226.406379897 ITERATION: 219
ENERGY: -262.412702415 ITERATION: 219
ENERGY: -271.525688557 ITERATION: 220
ENERGY: -354.078586184 ITERATION: 220
ENERGY: -226.406379897 ITERATION: 221
ENERGY: -262.412702415 ITERATION: 221
ENERGY: -271.525688557 ITERATION: 222
ENERGY: -354.078586184 ITERATION: 222
ENERGY: -226.406379897 ITERATION: 223
ENERGY: -262.412702415 ITERATION: 223
ENERGY: -271.525688557 ITERATION: 224
ENERGY: -354.078586184 ITERATION: 224
ENERGY: -226.406379897 ITERATION: 225
ENERGY: -262.412702415 ITERATION: 225
ENERGY: -271.525688557 ITERATION: 226
ENERGY: -354.078586184 ITERATION: 226
ENERGY: -226.406379897 ITERATION: 227
ENERGY: -262.412702415 ITERATION: 227
ENERGY: -271.525688557 ITERATION: 228
ENERGY: -354.078586184 ITERATION: 228
ENERGY: -226.406379897 ITERATION: 229
ENERGY: -262.412702415 ITERATION: 229
ENERGY: -271.525688557 ITERATION: 230
ENERGY: -354.078586184 ITERATION: 230
ENERGY: -226.406379897 ITERATION: 231
ENERGY: -262.412702415 ITERATION: 231
ENERGY: -271.525688557 ITERATION: 232
ENERGY: -354.078586184 ITERATION: 232
ENERGY: -226.406379897 ITERATION: 233
ENERGY: -262.412702415 ITERATION: 233
ENERGY: -271.525688557 ITERATION: 234
ENERGY: -354.078586184 ITERATION: 234
ENERGY: -226.406379897 ITERATION: 235
ENERGY: -262.412702415 ITERATION: 235
ENERGY: -271.525688557 ITERATION: 236
ENERGY: -354.078586184 ITERATION: 236
ENERGY: -226.406379897 ITERATION: 237
ENERGY: -262.412702415 ITERATION: 237
ENERGY: -271.525688557 ITERATION: 238
ENERGY: -354.078586184 ITERATION: 238
ENERGY: -226.406379897 ITERATION: 239
ENERGY: -262.412702415 ITERATION: 239
ENERGY: -271.525688557 ITERATION: 240
ENERGY: -354.078586184 ITERATION: 240
ENERGY: -226.406379897 ITERATION: 241
ENERGY: -262.412702415 ITERATION: 241
ENERGY: -271.525688557 ITERATION: 242
ENERGY: -354.078586184 ITERATION: 242
ENERGY: -226.406379897 ITERATION: 243
ENERGY: -262.412702415 ITERATION: 243
ENERGY: -271.525688557 ITERATION: 244
ENERGY: -354.078586184 ITERATION: 244
ENERGY: -226.406379897 ITERATION: 245
ENERGY: -262.412702415 ITERATION: 245
ENERGY: -271.525688557 ITERATION: 246
ENERGY: -354.078586184 ITERATION: 246
ENERGY: -226.406379897 ITERATION: 247
ENERGY: -262.412702415 ITERATION: 247
ENERGY: -271.525688557 ITERATION: 248
ENERGY: -354.078586184 ITERATION: 248
ENERGY: -226.406379897 ITERATION: 249
ENERGY: -262.412702415 ITERATION: 249
ENERGY: -271.525688557 ITERATION: 250
ENERGY: -354.078586184 ITERATION: 250
ENERGY: -226.406379897 ITERATION: 251
ENERGY: -262.412702415 ITERATION: 251
ENERGY: -271.525688557 ITERATION: 252
ENERGY: -354.078586184 ITERATION: 252
ENERGY: -226.406379897 ITERATION: 253
ENERGY: -262.412702415 ITERATION: 253
ENERGY: -271.525688557 ITERATION: 254
ENERGY: -354.078586184 ITERATION: 254
ENERGY: -226.406379897 ITERATION: 255
ENERGY: -262.412702415 ITERATION: 255
ENERGY: -271.525688557 ITERATION: 256
ENERGY: -354.078586184 ITERATION: 256
ENERGY: -226.406379897 ITERATION: 257
ENERGY: -262.412702415 ITERATION: 257
ENERGY: -271.525688557 ITERATION: 258
ENERGY: -354.078586184 ITERATION: 258
ENERGY: -226.406379897 ITERATION: 259
ENERGY: -262.412702415 ITERATION: 259
ENERGY: -271.525688557 ITERATION: 260
ENERGY: -354.078586184 ITERATION: 260
ENERGY: -226.406379897 ITERATION: 261
ENERGY: -262.412702415 ITERATION: 261
ENERGY: -271.525688557 ITERATION: 262
ENERGY: -354.078586184 ITERATION: 262
ENERGY: -226.406379897 ITERATION: 263
ENERGY: -262.412702415 ITERATION: 263
ENERGY: -271.525688557 ITERATION: 264
ENERGY: -354.078586184 ITERATION: 264
ENERGY: -226.406379897 ITERATION: 265
ENERGY: -262.412702415 ITERATION: 265
ENERGY: -271.525688557 ITERATION: 266
ENERGY: -354.078586184 ITERATION: 266
ENERGY: -226.406379897 ITERATION: 267
ENERGY: -262.412702415 ITERATION: 267
ENERGY: -271.525688557 ITERATION: 268
ENERGY: -354.078586184 ITERATION: 268
ENERGY: -226.406379897 ITERATION: 269
ENERGY: -262.412702415 ITERATION: 269
ENERGY: -271.525688557 ITERATION: 270
ENERGY: -354.078586184 ITERATION: 270
ENERGY: -226.406379897 ITERATION: 271
ENERGY: -262.412702415 ITERATION: 271
ENERGY: -271.525688557 ITERATION: 272
ENERGY: -354.078586184 ITERATION: 272
ENERGY: -226.406379897 ITERATION: 273
ENERGY: -262.412702415 ITERATION: 273
ENERGY: -271.525688557 ITERATION: 274
ENERGY: -354.078586184 ITERATION: 274
ENERGY: -226.406379897 ITERATION: 275
ENERGY: -262.412702415 ITERATION: 275
ENERGY: -271.525688557 ITERATION: 276
ENERGY: -354.078586184 ITERATION: 276
ENERGY: -226.406379897 ITERATION: 277
ENERGY: -262.412702415 ITERATION: 277
ENERGY: -271.525688557 ITERATION: 278
ENERGY: -354.078586184 ITERATION: 278
ENERGY: -226.406379897 ITERATION: 279
ENERGY: -262.412702415 ITERATION: 279
ENERGY: -271.525688557 ITERATION: 280
ENERGY: -354.078586184 ITERATION: 280
ENERGY: -226.406379897 ITERATION: 281
ENERGY: -262.412702415 ITERATION: 281
ENERGY: -271.525688557 ITERATION: 282
ENERGY: -354.078586184 ITERATION: 282
ENERGY: -226.406379897 ITERATION: 283
ENERGY: -262.412702415 ITERATION: 283
ENERGY: -271.525688557 ITERATION: 284
ENERGY: -354.078586184 ITERATION: 284
ENERGY: -226.406379897 ITERATION: 285
ENERGY: -262.412702415 ITERATION: 285
ENERGY: -271.525688557 ITERATION: 286
ENERGY: -354.078586184 ITERATION: 286
ENERGY: -226.406379897 ITERATION: 287
ENERGY: -262.412702415 ITERATION: 287
ENERGY: -271.525688557 ITERATION: 288
ENERGY: -354.078586184 ITERATION: 288
ENERGY: -226.406379897 ITERATION: 289
ENERGY: -262.412702415 ITERATION: 289
ENERGY: -271.525688557 ITERATION: 290
ENERGY: -354.078586184 ITERATION: 290
ENERGY: -226.406379897 ITERATION: 291
ENERGY: -262.412702415 ITERATION: 291
ENERGY: -271.525688557 ITERATION: 292
ENERGY: -354.078586184 ITERATION: 292
ENERGY: -226.406379897 ITERATION: 293
ENERGY: -262.412702415 ITERATION: 293
ENERGY: -271.525688557 ITERATION: 294
ENERGY: -354.078586184 ITERATION: 294
ENERGY: -226.406379897 ITERATION: 295
ENERGY: -262.412702415 ITERATION: 295
ENERGY: -271.525688557 ITERATION: 296
ENERGY: -354.078586184 ITERATION: 296
ENERGY: -226.406379897 ITERATION: 297
ENERGY: -262.412702415 ITERATION: 297
ENERGY: -271.525688557 ITERATION: 298
ENERGY: -354.078586184 ITERATION: 298
ENERGY: -226.406379897 ITERATION: 299
ENERGY: -262.412702415 ITERATION: 299
ENERGY: -271.525688557 ITERATION: 300
ENERGY: -354.078586184 ITERATION: 300
ENERGY: -226.406379897 ITERATION: 301
ENERGY: -262.412702415 ITERATION: 301
ENERGY: -271.525688557 ITERATION: 302
ENERGY: -354.078586184 ITERATION: 302
ENERGY: -226.406379897 ITERATION: 303
ENERGY: -262.412702415 ITERATION: 303
ENERGY: -271.525688557 ITERATION: 304
ENERGY: -354.078586184 ITERATION: 304
ENERGY: -226.406379897 ITERATION: 305
ENERGY: -262.412702415 ITERATION: 305
ENERGY: -271.525688557 ITERATION: 306
ENERGY: -354.078586184 ITERATION: 306
ENERGY: -226.406379897 ITERATION: 307
ENERGY: -262.412702415 ITERATION: 307
ENERGY: -271.525688557 ITERATION: 308
ENERGY: -354.078586184 ITERATION: 308
ENERGY: -226.406379897 ITERATION: 309
ENERGY: -262.412702415 ITERATION: 309
ENERGY: -271.525688557 ITERATION: 310
ENERGY: -354.078586184 ITERATION: 310
ENERGY: -226.406379897 ITERATION: 311
ENERGY: -262.412702415 ITERATION: 311
ENERGY: -271.525688557 ITERATION: 312
ENERGY: -354.078586184 ITERATION: 312
ENERGY: -226.406379897 ITERATION: 313
ENERGY: -262.412702415 ITERATION: 313
ENERGY: -271.525688557 ITERATION: 314
ENERGY: -354.078586184 ITERATION: 314
ENERGY: -226.406379897 ITERATION: 315
ENERGY: -262.412702415 ITERATION: 315
ENERGY: -271.525688557 ITERATION: 316
ENERGY: -354.078586184 ITERATION: 316
ENERGY: -226.406379897 ITERATION: 317
ENERGY: -262.412702415 ITERATION: 317
ENERGY: -271.525688557 ITERATION: 318
ENERGY: -354.078586184 ITERATION: 318
ENERGY: -226.406379897 ITERATION: 319
ENERGY: -262.412702415 ITERATION: 319
ENERGY: -271.525688557 ITERATION: 320
ENERGY: -354.078586184 ITERATION: 320
ENERGY: -226.406379897 ITERATION: 321
ENERGY: -262.412702415 ITERATION: 321
ENERGY: -271.525688557 ITERATION: 322
ENERGY: -354.078586184 ITERATION: 322
ENERGY: -226.406379897 ITERATION: 323
ENERGY: -262.412702415 ITERATION: 323
ENERGY: -271.525688557 ITERATION: 324
ENERGY: -354.078586184 ITERATION: 324
ENERGY: -226.406379897 ITERATION: 325
ENERGY: -262.412702415 ITERATION: 325
ENERGY: -271.525688557 ITERATION: 326
ENERGY: -354.078586184 ITERATION: 326
ENERGY: -226.406379897 ITERATION: 327
ENERGY: -262.412702415 ITERATION: 327
ENERGY: -271.525688557 ITERATION: 328
ENERGY: -354.078586184 ITERATION: 328
ENERGY: -226.406379897 ITERATION: 329
ENERGY: -262.412702415 ITERATION: 329
ENERGY: -271.525688557 ITERATION: 330
ENERGY: -354.078586184 ITERATION: 330
ENERGY: -226.406379897 ITERATION: 331
ENERGY: -262.412702415 ITERATION: 331
ENERGY: -271.525688557 ITERATION: 332
ENERGY: -354.078586184 ITERATION: 332
ENERGY: -226.406379897 ITERATION: 333
ENERGY: -262.412702415 ITERATION: 333
ENERGY: -271.525688557 ITERATION: 334
ENERGY: -354.078586184 ITERATION: 334
ENERGY: -226.406379897 ITERATION: 335
ENERGY: -262.412702415 ITERATION: 335
ENERGY: -271.525688557 ITERATION: 336
ENERGY: -354.078586184 ITERATION: 336
ENERGY: -226.406379897 ITERATION: 337
ENERGY: -262.412702415 ITERATION: 337
ENERGY: -271.525688557 ITERATION: 338
ENERGY: -354.078586184 ITERATION: 338
ENERGY: -226.406379897 ITERATION: 339
ENERGY: -262.412702415 ITERATION: 339
ENERGY: -271.525688557 ITERATION: 340
ENERGY: -354.078586184 ITERATION: 340
ENERGY: -226.406379897 ITERATION: 341
ENERGY: -262.412702415 ITERATION: 341
ENERGY: -271.525688557 ITERATION: 342
ENERGY: -354.078586184 ITERATION: 342
ENERGY: -226.406379897 ITERATION: 343
ENERGY: -262.412702415 ITERATION: 343
ENERGY: -271.525688557 ITERATION: 344
ENERGY: -354.078586184 ITERATION: 344
ENERGY: -226.406379897 ITERATION: 345
ENERGY: -262.412702415 ITERATION: 345
ENERGY: -271.525688557 ITERATION: 346
ENERGY: -354.078586184 ITERATION: 346
ENERGY: -226.406379897 ITERATION: 347
ENERGY: -262.412702415 ITERATION: 347
ENERGY: -271.525688557 ITERATION: 348
ENERGY: -354.078586184 ITERATION: 348
ENERGY: -226.406379897 ITERATION: 349
ENERGY: -262.412702415 ITERATION: 349
ENERGY: -271.525688557 ITERATION: 350
ENERGY: -354.078586184 ITERATION: 350
ENERGY: -226.406379897 ITERATION: 351
ENERGY: -262.412702415 ITERATION: 351
ENERGY: -271.525688557 ITERATION: 352
ENERGY: -354.078586184 ITERATION: 352
ENERGY: -226.406379897 ITERATION: 353
ENERGY: -262.412702415 ITERATION: 353
ENERGY: -271.525688557 ITERATION: 354
ENERGY: -354.078586184 ITERATION: 354
ENERGY: -226.406379897 ITERATION: 355
ENERGY: -262.412702415 ITERATION: 355
ENERGY: -271.525688557 ITERATION: 356
ENERGY: -354.078586184 ITERATION: 356
ENERGY: -226.406379897 ITERATION: 357
ENERGY: -262.412702415 ITERATION: 357
ENERGY: -271.525688557 ITERATION: 358
ENERGY: -354.078586184 ITERATION: 358
ENERGY: -226.406379897 ITERATION: 359
ENERGY: -262.412702415 ITERATION: 359
ENERGY: -271.525688557 ITERATION: 360
ENERGY: -354.078586184 ITERATION: 360
ENERGY: -226.406379897 ITERATION: 361
ENERGY: -262.412702415 ITERATION: 361
ENERGY: -271.525688557 ITERATION: 362
ENERGY: -354.078586184 ITERATION: 362
ENERGY: -226.406379897 ITERATION: 363
ENERGY: -262.412702415 ITERATION: 363
ENERGY: -271.525688557 ITERATION: 364
ENERGY: -354.078586184 ITERATION: 364
ENERGY: -226.406379897 ITERATION: 365
ENERGY: -262.412702415 ITERATION: 365
ENERGY: -271.525688557 ITERATION: 366
ENERGY: -354.078586184 ITERATION: 366
ENERGY: -226.406379897 ITERATION: 367
ENERGY: -262.412702415 ITERATION: 367
ENERGY: -271.525688557 ITERATION: 368
ENERGY: -354.078586184 ITERATION: 368
ENERGY: -226.406379897 ITERATION: 369
ENERGY: -262.412702415 ITERATION: 369
ENERGY: -271.525688557 ITERATION: 370
ENERGY: -354.078586184 ITERATION: 370
ENERGY: -226.406379897 ITERATION: 371
ENERGY: -262.412702415 ITERATION: 371
ENERGY: -271.525688557 ITERATION: 372
ENERGY: -354.078586184 ITERATION: 372
ENERGY: -226.406379897 ITERATION: 373
ENERGY: -262.412702415 ITERATION: 373
ENERGY: -271.525688557 ITERATION: 374
ENERGY: -354.078586184 ITERATION: 374
ENERGY: -226.406379897 ITERATION: 375
ENERGY: -262.412702415 ITERATION: 375
ENERGY: -271.525688557 ITERATION: 376
ENERGY: -354.078586184 ITERATION: 376
ENERGY: -226.406379897 ITERATION: 377
ENERGY: -262.412702415 ITERATION: 377
ENERGY: -271.525688557 ITERATION: 378
ENERGY: -354.078586184 ITERATION: 378
ENERGY: -226.406379897 ITERATION: 379
ENERGY: -262.412702415 ITERATION: 379
ENERGY: -271.525688557 ITERATION: 380
ENERGY: -354.078586184 ITERATION: 380
ENERGY: -226.406379897 ITERATION: 381
ENERGY: -262.412702415 ITERATION: 381
ENERGY: -271.525688557 ITERATION: 382
ENERGY: -354.078586184 ITERATION: 382
ENERGY: -226.406379897 ITERATION: 383
ENERGY: -262.412702415 ITERATION: 383
ENERGY: -271.525688557 ITERATION: 384
ENERGY: -354.078586184 ITERATION: 384
ENERGY: -226.406379897 ITERATION: 385
ENERGY: -262.412702415 ITERATION: 385
ENERGY: -271.525688557 ITERATION: 386
ENERGY: -354.078586184 ITERATION: 386
ENERGY: -226.406379897 ITERATION: 387
ENERGY: -262.412702415 ITERATION: 387
ENERGY: -271.525688557 ITERATION: 388
ENERGY: -354.078586184 ITERATION: 388
ENERGY: -226.406379897 ITERATION: 389
ENERGY: -262.412702415 ITERATION: 389
ENERGY: -271.525688557 ITERATION: 390
ENERGY: -354.078586184 ITERATION: 390
ENERGY: -226.406379897 ITERATION: 391
ENERGY: -262.412702415 ITERATION: 391
ENERGY: -271.525688557 ITERATION: 392
ENERGY: -354.078586184 ITERATION: 392
ENERGY: -226.406379897 ITERATION: 393
ENERGY: -262.412702415 ITERATION: 393
ENERGY: -271.525688557 ITERATION: 394
ENERGY: -354.078586184 ITERATION: 394
ENERGY: -226.406379897 ITERATION: 395
ENERGY: -262.412702415 ITERATION: 395
ENERGY: -271.525688557 ITERATION: 396
ENERGY: -354.078586184 ITERATION: 396
ENERGY: -226.406379897 ITERATION: 397
ENERGY: -262.412702415 ITERATION: 397
ENERGY: -271.525688557 ITERATION: 398
ENERGY: -354.078586184 ITERATION: 398
ENERGY: -226.406379897 ITERATION: 399
ENERGY: -262.412702415 ITERATION: 399
ENERGY: -271.525688557 ITERATION: 400
ENERGY: -354.078586184 ITERATION: 400
ENERGY: -226.406379897 ITERATION: 401
ENERGY: -262.412702415 ITERATION: 401
ENERGY: -271.525688557 ITERATION: 402
ENERGY: -354.078586184 ITERATION: 402
ENERGY: -226.406379897 ITERATION: 403
ENERGY: -262.412702415 ITERATION: 403
ENERGY: -271.525688557 ITERATION: 404
ENERGY: -354.078586184 ITERATION: 404
ENERGY: -226.406379897 ITERATION: 405
ENERGY: -262.412702415 ITERATION: 405
ENERGY: -271.525688557 ITERATION: 406
ENERGY: -354.078586184 ITERATION: 406
ENERGY: -226.406379897 ITERATION: 407
ENERGY: -262.412702415 ITERATION: 407
ENERGY: -271.525688557 ITERATION: 408
ENERGY: -354.078586184 ITERATION: 408
ENERGY: -226.406379897 ITERATION: 409
ENERGY: -262.412702415 ITERATION: 409
ENERGY: -271.525688557 ITERATION: 410
ENERGY: -354.078586184 ITERATION: 410
ENERGY: -226.406379897 ITERATION: 411
ENERGY: -262.412702415 ITERATION: 411
ENERGY: -271.525688557 ITERATION: 412
ENERGY: -354.078586184 ITERATION: 412
ENERGY: -226.406379897 ITERATION: 413
ENERGY: -262.412702415 ITERATION: 413
ENERGY: -271.525688557 ITERATION: 414
ENERGY: -354.078586184 ITERATION: 414
ENERGY: -226.406379897 ITERATION: 415
ENERGY: -262.412702415 ITERATION: 415
ENERGY: -271.525688557 ITERATION: 416
ENERGY: -354.078586184 ITERATION: 416
ENERGY: -226.406379897 ITERATION: 417
ENERGY: -262.412702415 ITERATION: 417
ENERGY: -271.525688557 ITERATION: 418
ENERGY: -354.078586184 ITERATION: 418
ENERGY: -226.406379897 ITERATION: 419
ENERGY: -262.412702415 ITERATION: 419
ENERGY: -271.525688557 ITERATION: 420
ENERGY: -354.078586184 ITERATION: 420
ENERGY: -226.406379897 ITERATION: 421
ENERGY: -262.412702415 ITERATION: 421
ENERGY: -271.525688557 ITERATION: 422
ENERGY: -354.078586184 ITERATION: 422
ENERGY: -226.406379897 ITERATION: 423
ENERGY: -262.412702415 ITERATION: 423
ENERGY: -271.525688557 ITERATION: 424
ENERGY: -354.078586184 ITERATION: 424
ENERGY: -226.406379897 ITERATION: 425
ENERGY: -262.412702415 ITERATION: 425
ENERGY: -271.525688557 ITERATION: 426
ENERGY: -354.078586184 ITERATION: 426
ENERGY: -226.406379897 ITERATION: 427
ENERGY: -262.412702415 ITERATION: 427
ENERGY: -271.525688557 ITERATION: 428
ENERGY: -354.078586184 ITERATION: 428
ENERGY: -226.406379897 ITERATION: 429
ENERGY: -262.412702415 ITERATION: 429
ENERGY: -271.525688557 ITERATION: 430
ENERGY: -354.078586184 ITERATION: 430
ENERGY: -226.406379897 ITERATION: 431
ENERGY: -262.412702415 ITERATION: 431
ENERGY: -271.525688557 ITERATION: 432
ENERGY: -354.078586184 ITERATION: 432
ENERGY: -226.406379897 ITERATION: 433
ENERGY: -262.412702415 ITERATION: 433
ENERGY: -271.525688557 ITERATION: 434
ENERGY: -354.078586184 ITERATION: 434
ENERGY: -226.406379897 ITERATION: 435
ENERGY: -262.412702415 ITERATION: 435
ENERGY: -271.525688557 ITERATION: 436
ENERGY: -354.078586184 ITERATION: 436
ENERGY: -226.406379897 ITERATION: 437
ENERGY: -262.412702415 ITERATION: 437
ENERGY: -271.525688557 ITERATION: 438
ENERGY: -354.078586184 ITERATION: 438
ENERGY: -226.406379897 ITERATION: 439
ENERGY: -262.412702415 ITERATION: 439
ENERGY: -271.525688557 ITERATION: 440
ENERGY: -354.078586184 ITERATION: 440
ENERGY: -226.406379897 ITERATION: 441
ENERGY: -262.412702415 ITERATION: 441
ENERGY: -271.525688557 ITERATION: 442
ENERGY: -354.078586184 ITERATION: 442
ENERGY: -226.406379897 ITERATION: 443
ENERGY: -262.412702415 ITERATION: 443
ENERGY: -271.525688557 ITERATION: 444
ENERGY: -354.078586184 ITERATION: 444
ENERGY: -226.406379897 ITERATION: 445
ENERGY: -262.412702415 ITERATION: 445
ENERGY: -271.525688557 ITERATION: 446
ENERGY: -354.078586184 ITERATION: 446
ENERGY: -226.406379897 ITERATION: 447
ENERGY: -262.412702415 ITERATION: 447
ENERGY: -271.525688557 ITERATION: 448
ENERGY: -354.078586184 ITERATION: 448
ENERGY: -226.406379897 ITERATION: 449
ENERGY: -262.412702415 ITERATION: 449
ENERGY: -271.525688557 ITERATION: 450
ENERGY: -354.078586184 ITERATION: 450
ENERGY: -226.406379897 ITERATION: 451
ENERGY: -262.412702415 ITERATION: 451
ENERGY: -271.525688557 ITERATION: 452
ENERGY: -354.078586184 ITERATION: 452
ENERGY: -226.406379897 ITERATION: 453
ENERGY: -262.412702415 ITERATION: 453
ENERGY: -271.525688557 ITERATION: 454
ENERGY: -354.078586184 ITERATION: 454
ENERGY: -226.406379897 ITERATION: 455
ENERGY: -262.412702415 ITERATION: 455
ENERGY: -271.525688557 ITERATION: 456
ENERGY: -354.078586184 ITERATION: 456
ENERGY: -226.406379897 ITERATION: 457
ENERGY: -262.412702415 ITERATION: 457
ENERGY: -271.525688557 ITERATION: 458
ENERGY: -354.078586184 ITERATION: 458
ENERGY: -226.406379897 ITERATION: 459
ENERGY: -262.412702415 ITERATION: 459
ENERGY: -271.525688557 ITERATION: 460
ENERGY: -354.078586184 ITERATION: 460
ENERGY: -226.406379897 ITERATION: 461
ENERGY: -262.412702415 ITERATION: 461
ENERGY: -271.525688557 ITERATION: 462
ENERGY: -354.078586184 ITERATION: 462
ENERGY: -226.406379897 ITERATION: 463
ENERGY: -262.412702415 ITERATION: 463
ENERGY: -271.525688557 ITERATION: 464
ENERGY: -354.078586184 ITERATION: 464
ENERGY: -226.406379897 ITERATION: 465
ENERGY: -262.412702415 ITERATION: 465
ENERGY: -271.525688557 ITERATION: 466
ENERGY: -354.078586184 ITERATION: 466
ENERGY: -226.406379897 ITERATION: 467
ENERGY: -262.412702415 ITERATION: 467
ENERGY: -271.525688557 ITERATION: 468
ENERGY: -354.078586184 ITERATION: 468
ENERGY: -226.406379897 ITERATION: 469
ENERGY: -262.412702415 ITERATION: 469
ENERGY: -271.525688557 ITERATION: 470
ENERGY: -354.078586184 ITERATION: 470
ENERGY: -226.406379897 ITERATION: 471
ENERGY: -262.412702415 ITERATION: 471
ENERGY: -271.525688557 ITERATION: 472
ENERGY: -354.078586184 ITERATION: 472
ENERGY: -226.406379897 ITERATION: 473
ENERGY: -262.412702415 ITERATION: 473
ENERGY: -271.525688557 ITERATION: 474
ENERGY: -354.078586184 ITERATION: 474
ENERGY: -226.406379897 ITERATION: 475
ENERGY: -262.412702415 ITERATION: 475
ENERGY: -271.525688557 ITERATION: 476
ENERGY: -354.078586184 ITERATION: 476
ENERGY: -226.406379897 ITERATION: 477
ENERGY: -262.412702415 ITERATION: 477
ENERGY: -271.525688557 ITERATION: 478
ENERGY: -354.078586184 ITERATION: 478
ENERGY: -226.406379897 ITERATION: 479
ENERGY: -262.412702415 ITERATION: 479
ENERGY: -271.525688557 ITERATION: 480
ENERGY: -354.078586184 ITERATION: 480
ENERGY: -226.406379897 ITERATION: 481
ENERGY: -262.412702415 ITERATION: 481
ENERGY: -271.525688557 ITERATION: 482
ENERGY: -354.078586184 ITERATION: 482
ENERGY: -226.406379897 ITERATION: 483
ENERGY: -262.412702415 ITERATION: 483
ENERGY: -271.525688557 ITERATION: 484
ENERGY: -354.078586184 ITERATION: 484
ENERGY: -226.406379897 ITERATION: 485
ENERGY: -262.412702415 ITERATION: 485
ENERGY: -271.525688557 ITERATION: 486
ENERGY: -354.078586184 ITERATION: 486
ENERGY: -226.406379897 ITERATION: 487
ENERGY: -262.412702415 ITERATION: 487
ENERGY: -271.525688557 ITERATION: 488
ENERGY: -354.078586184 ITERATION: 488
ENERGY: -226.406379897 ITERATION: 489
ENERGY: -262.412702415 ITERATION: 489
ENERGY: -271.525688557 ITERATION: 490
ENERGY: -354.078586184 ITERATION: 490
ENERGY: -226.406379897 ITERATION: 491
ENERGY: -262.412702415 ITERATION: 491
ENERGY: -271.525688557 ITERATION: 492
ENERGY: -354.078586184 ITERATION: 492
ENERGY: -226.406379897 ITERATION: 493
ENERGY: -262.412702415 ITERATION: 493
ENERGY: -271.525688557 ITERATION: 494
ENERGY: -354.078586184 ITERATION: 494
ENERGY: -226.406379897 ITERATION: 495
ENERGY: -262.412702415 ITERATION: 495
ENERGY: -271.525688557 ITERATION: 496
ENERGY: -354.078586184 ITERATION: 496
ENERGY: -226.406379897 ITERATION: 497
ENERGY: -262.412702415 ITERATION: 497
ENERGY: -271.525688557 ITERATION: 498
ENERGY: -354.078586184 ITERATION: 498
ENERGY: -226.406379897 ITERATION: 499
ENERGY: -262.412702415 ITERATION: 499
ENERGY: -271.525688557 ITERATION: 500
ENERGY: -354.078586184 ITERATION: 500
ENERGY: -226.406379897 ITERATION: 501
ENERGY: -262.412702415 ITERATION: 501
ENERGY: -271.525688557 ITERATION: 502
ENERGY: -354.078586184 ITERATION: 502
ENERGY: -226.406379897 ITERATION: 503
ENERGY: -262.412702415 ITERATION: 503
ENERGY: -271.525688557 ITERATION: 504
ENERGY: -354.078586184 ITERATION: 504
ENERGY: -226.406379897 ITERATION: 505
ENERGY: -262.412702415 ITERATION: 505
ENERGY: -271.525688557 ITERATION: 506
ENERGY: -354.078586184 ITERATION: 506
ENERGY: -226.406379897 ITERATION: 507
ENERGY: -262.412702415 ITERATION: 507
ENERGY: -271.525688557 ITERATION: 508
ENERGY: -354.078586184 ITERATION: 508
ENERGY: -226.406379897 ITERATION: 509
ENERGY: -262.412702415 ITERATION: 509
ENERGY: -271.525688557 ITERATION: 510
ENERGY: -354.078586184 ITERATION: 510
ENERGY: -226.406379897 ITERATION: 511
ENERGY: -262.412702415 ITERATION: 511
ENERGY: -271.525688557 ITERATION: 512
ENERGY: -354.078586184 ITERATION: 512
ENERGY: -226.406379897 ITERATION: 513
ENERGY: -262.412702415 ITERATION: 513
ENERGY: -271.525688557 ITERATION: 514
ENERGY: -354.078586184 ITERATION: 514
ENERGY: -226.406379897 ITERATION: 515
ENERGY: -262.412702415 ITERATION: 515
ENERGY: -271.525688557 ITERATION: 516
ENERGY: -354.078586184 ITERATION: 516
ENERGY: -226.406379897 ITERATION: 517
ENERGY: -262.412702415 ITERATION: 517
ENERGY: -271.525688557 ITERATION: 518
ENERGY: -354.078586184 ITERATION: 518
ENERGY: -226.406379897 ITERATION: 519
ENERGY: -262.412702415 ITERATION: 519
ENERGY: -271.525688557 ITERATION: 520
ENERGY: -354.078586184 ITERATION: 520
ENERGY: -226.406379897 ITERATION: 521
ENERGY: -262.412702415 ITERATION: 521
ENERGY: -271.525688557 ITERATION: 522
ENERGY: -354.078586184 ITERATION: 522
ENERGY: -226.406379897 ITERATION: 523
ENERGY: -262.412702415 ITERATION: 523
ENERGY: -271.525688557 ITERATION: 524
ENERGY: -354.078586184 ITERATION: 524
ENERGY: -226.406379897 ITERATION: 525
ENERGY: -262.412702415 ITERATION: 525
ENERGY: -271.525688557 ITERATION: 526
ENERGY: -354.078586184 ITERATION: 526
ENERGY: -226.406379897 ITERATION: 527
ENERGY: -262.412702415 ITERATION: 527
ENERGY: -271.525688557 ITERATION: 528
ENERGY: -354.078586184 ITERATION: 528
ENERGY: -226.406379897 ITERATION: 529
ENERGY: -262.412702415 ITERATION: 529
ENERGY: -271.525688557 ITERATION: 530
ENERGY: -354.078586184 ITERATION: 530
ENERGY: -226.406379897 ITERATION: 531
ENERGY: -262.412702415 ITERATION: 531
ENERGY: -271.525688557 ITERATION: 532
ENERGY: -354.078586184 ITERATION: 532
ENERGY: -226.406379897 ITERATION: 533
ENERGY: -262.412702415 ITERATION: 533
ENERGY: -271.525688557 ITERATION: 534
ENERGY: -354.078586184 ITERATION: 534
ENERGY: -226.406379897 ITERATION: 535
ENERGY: -262.412702415 ITERATION: 535
ENERGY: -271.525688557 ITERATION: 536
ENERGY: -354.078586184 ITERATION: 536
ENERGY: -226.406379897 ITERATION: 537
ENERGY: -262.412702415 ITERATION: 537
ENERGY: -271.525688557 ITERATION: 538
ENERGY: -354.078586184 ITERATION: 538
ENERGY: -226.406379897 ITERATION: 539
ENERGY: -262.412702415 ITERATION: 539
ENERGY: -271.525688557 ITERATION: 540
ENERGY: -354.078586184 ITERATION: 540
ENERGY: -226.406379897 ITERATION: 541
ENERGY: -262.412702415 ITERATION: 541
ENERGY: -271.525688557 ITERATION: 542
ENERGY: -354.078586184 ITERATION: 542
ENERGY: -226.406379897 ITERATION: 543
ENERGY: -262.412702415 ITERATION: 543
ENERGY: -271.525688557 ITERATION: 544
ENERGY: -354.078586184 ITERATION: 544
ENERGY: -226.406379897 ITERATION: 545
ENERGY: -262.412702415 ITERATION: 545
ENERGY: -271.525688557 ITERATION: 546
ENERGY: -354.078586184 ITERATION: 546
ENERGY: -226.406379897 ITERATION: 547
ENERGY: -262.412702415 ITERATION: 547
ENERGY: -271.525688557 ITERATION: 548
ENERGY: -354.078586184 ITERATION: 548
ENERGY: -226.406379897 ITERATION: 549
ENERGY: -262.412702415 ITERATION: 549
ENERGY: -271.525688557 ITERATION: 550
ENERGY: -354.078586184 ITERATION: 550
ENERGY: -226.406379897 ITERATION: 551
ENERGY: -262.412702415 ITERATION: 551
ENERGY: -271.525688557 ITERATION: 552
ENERGY: -354.078586184 ITERATION: 552
ENERGY: -226.406379897 ITERATION: 553
ENERGY: -262.412702415 ITERATION: 553
ENERGY: -271.525688557 ITERATION: 554
ENERGY: -354.078586184 ITERATION: 554
ENERGY: -226.406379897 ITERATION: 555
ENERGY: -262.412702415 ITERATION: 555
ENERGY: -271.525688557 ITERATION: 556
ENERGY: -354.078586184 ITERATION: 556
ENERGY: -226.406379897 ITERATION: 557
ENERGY: -262.412702415 ITERATION: 557
ENERGY: -271.525688557 ITERATION: 558
ENERGY: -354.078586184 ITERATION: 558
ENERGY: -226.406379897 ITERATION: 559
ENERGY: -262.412702415 ITERATION: 559
ENERGY: -271.525688557 ITERATION: 560
ENERGY: -354.078586184 ITERATION: 560
ENERGY: -226.406379897 ITERATION: 561
ENERGY: -262.412702415 ITERATION: 561
ENERGY: -271.525688557 ITERATION: 562
ENERGY: -354.078586184 ITERATION: 562
ENERGY: -226.406379897 ITERATION: 563
ENERGY: -262.412702415 ITERATION: 563
ENERGY: -271.525688557 ITERATION: 564
ENERGY: -354.078586184 ITERATION: 564
ENERGY: -226.406379897 ITERATION: 565
ENERGY: -262.412702415 ITERATION: 565
ENERGY: -271.525688557 ITERATION: 566
ENERGY: -354.078586184 ITERATION: 566
ENERGY: -226.406379897 ITERATION: 567
ENERGY: -262.412702415 ITERATION: 567
ENERGY: -271.525688557 ITERATION: 568
ENERGY: -354.078586184 ITERATION: 568
ENERGY: -226.406379897 ITERATION: 569
ENERGY: -262.412702415 ITERATION: 569
ENERGY: -271.525688557 ITERATION: 570
ENERGY: -354.078586184 ITERATION: 570
ENERGY: -226.406379897 ITERATION: 571
ENERGY: -262.412702415 ITERATION: 571
ENERGY: -271.525688557 ITERATION: 572
ENERGY: -354.078586184 ITERATION: 572
ENERGY: -226.406379897 ITERATION: 573
ENERGY: -262.412702415 ITERATION: 573
ENERGY: -271.525688557 ITERATION: 574
ENERGY: -354.078586184 ITERATION: 574
ENERGY: -226.406379897 ITERATION: 575
ENERGY: -262.412702415 ITERATION: 575
ENERGY: -271.525688557 ITERATION: 576
ENERGY: -354.078586184 ITERATION: 576
ENERGY: -226.406379897 ITERATION: 577
ENERGY: -262.412702415 ITERATION: 577
ENERGY: -271.525688557 ITERATION: 578
ENERGY: -354.078586184 ITERATION: 578
ENERGY: -226.406379897 ITERATION: 579
ENERGY: -262.412702415 ITERATION: 579
ENERGY: -271.525688557 ITERATION: 580
ENERGY: -354.078586184 ITERATION: 580
ENERGY: -226.406379897 ITERATION: 581
ENERGY: -262.412702415 ITERATION: 581
ENERGY: -271.525688557 ITERATION: 582
ENERGY: -354.078586184 ITERATION: 582
ENERGY: -226.406379897 ITERATION: 583
ENERGY: -262.412702415 ITERATION: 583
ENERGY: -271.525688557 ITERATION: 584
ENERGY: -354.078586184 ITERATION: 584
ENERGY: -226.406379897 ITERATION: 585
ENERGY: -262.412702415 ITERATION: 585
ENERGY: -271.525688557 ITERATION: 586
ENERGY: -354.078586184 ITERATION: 586
ENERGY: -226.406379897 ITERATION: 587
ENERGY: -262.412702415 ITERATION: 587
ENERGY: -271.525688557 ITERATION: 588
ENERGY: -354.078586184 ITERATION: 588
ENERGY: -226.406379897 ITERATION: 589
ENERGY: -262.412702415 ITERATION: 589
ENERGY: -271.525688557 ITERATION: 590
ENERGY: -354.078586184 ITERATION: 590
ENERGY: -226.406379897 ITERATION: 591
ENERGY: -262.412702415 ITERATION: 591
ENERGY: -271.525688557 ITERATION: 592
ENERGY: -354.078586184 ITERATION: 592
ENERGY: -226.406379897 ITERATION: 593
ENERGY: -262.412702415 ITERATION: 593
ENERGY: -271.525688557 ITERATION: 594
ENERGY: -354.078586184 ITERATION: 594
ENERGY: -226.406379897 ITERATION: 595
ENERGY: -262.412702415 ITERATION: 595
ENERGY: -271.525688557 ITERATION: 596
ENERGY: -354.078586184 ITERATION: 596
ENERGY: -226.406379897 ITERATION: 597
ENERGY: -262.412702415 ITERATION: 597
ENERGY: -271.525688557 ITERATION: 598
ENERGY: -354.078586184 ITERATION: 598
ENERGY: -226.406379897 ITERATION: 599
ENERGY: -262.412702415 ITERATION: 599
ENERGY: -271.525688557 ITERATION: 600
ENERGY: -354.078586184 ITERATION: 600
ENERGY: -226.406379897 ITERATION: 601
ENERGY: -262.412702415 ITERATION: 601
ENERGY: -271.525688557 ITERATION: 602
ENERGY: -354.078586184 ITERATION: 602
ENERGY: -226.406379897 ITERATION: 603
ENERGY: -262.412702415 ITERATION: 603
ENERGY: -271.525688557 ITERATION: 604
ENERGY: -354.078586184 ITERATION: 604
ENERGY: -226.406379897 ITERATION: 605
ENERGY: -262.412702415 ITERATION: 605
ENERGY: -271.525688557 ITERATION: 606
ENERGY: -354.078586184 ITERATION: 606
ENERGY: -226.406379897 ITERATION: 607
ENERGY: -262.412702415 ITERATION: 607
ENERGY: -271.525688557 ITERATION: 608
ENERGY: -354.078586184 ITERATION: 608
ENERGY: -226.406379897 ITERATION: 609
ENERGY: -262.412702415 ITERATION: 609
ENERGY: -271.525688557 ITERATION: 610
ENERGY: -354.078586184 ITERATION: 610
ENERGY: -226.406379897 ITERATION: 611
ENERGY: -262.412702415 ITERATION: 611
ENERGY: -271.525688557 ITERATION: 612
ENERGY: -354.078586184 ITERATION: 612
ENERGY: -226.406379897 ITERATION: 613
ENERGY: -262.412702415 ITERATION: 613
ENERGY: -271.525688557 ITERATION: 614
ENERGY: -354.078586184 ITERATION: 614
ENERGY: -226.406379897 ITERATION: 615
ENERGY: -262.412702415 ITERATION: 615
ENERGY: -271.525688557 ITERATION: 616
ENERGY: -354.078586184 ITERATION: 616
ENERGY: -226.406379897 ITERATION: 617
ENERGY: -262.412702415 ITERATION: 617
ENERGY: -271.525688557 ITERATION: 618
ENERGY: -354.078586184 ITERATION: 618
ENERGY: -226.406379897 ITERATION: 619
ENERGY: -262.412702415 ITERATION: 619
ENERGY: -271.525688557 ITERATION: 620
ENERGY: -354.078586184 ITERATION: 620
ENERGY: -226.406379897 ITERATION: 621
ENERGY: -262.412702415 ITERATION: 621
ENERGY: -271.525688557 ITERATION: 622
ENERGY: -354.078586184 ITERATION: 622
ENERGY: -226.406379897 ITERATION: 623
ENERGY: -262.412702415 ITERATION: 623
ENERGY: -271.525688557 ITERATION: 624
ENERGY: -354.078586184 ITERATION: 624
ENERGY: -226.406379897 ITERATION: 625
ENERGY: -262.412702415 ITERATION: 625
ENERGY: -271.525688557 ITERATION: 626
ENERGY: -354.078586184 ITERATION: 626
ENERGY: -226.406379897 ITERATION: 627
ENERGY: -262.412702415 ITERATION: 627
ENERGY: -271.525688557 ITERATION: 628
ENERGY: -354.078586184 ITERATION: 628
ENERGY: -226.406379897 ITERATION: 629
ENERGY: -262.412702415 ITERATION: 629
ENERGY: -271.525688557 ITERATION: 630
ENERGY: -354.078586184 ITERATION: 630
ENERGY: -226.406379897 ITERATION: 631
ENERGY: -262.412702415 ITERATION: 631
ENERGY: -271.525688557 ITERATION: 632
ENERGY: -354.078586184 ITERATION: 632
ENERGY: -226.406379897 ITERATION: 633
ENERGY: -262.412702415 ITERATION: 633
ENERGY: -271.525688557 ITERATION: 634
ENERGY: -354.078586184 ITERATION: 634
ENERGY: -226.406379897 ITERATION: 635
ENERGY: -262.412702415 ITERATION: 635
ENERGY: -271.525688557 ITERATION: 636
ENERGY: -354.078586184 ITERATION: 636
ENERGY: -226.406379897 ITERATION: 637
ENERGY: -262.412702415 ITERATION: 637
ENERGY: -271.525688557 ITERATION: 638
ENERGY: -354.078586184 ITERATION: 638
ENERGY: -226.406379897 ITERATION: 639
ENERGY: -262.412702415 ITERATION: 639
ENERGY: -271.525688557 ITERATION: 640
ENERGY: -354.078586184 ITERATION: 640
ENERGY: -226.406379897 ITERATION: 641
ENERGY: -262.412702415 ITERATION: 641
ENERGY: -271.525688557 ITERATION: 642
ENERGY: -354.078586184 ITERATION: 642
ENERGY: -226.406379897 ITERATION: 643
ENERGY: -262.412702415 ITERATION: 643
ENERGY: -271.525688557 ITERATION: 644
ENERGY: -354.078586184 ITERATION: 644
ENERGY: -226.406379897 ITERATION: 645
ENERGY: -262.412702415 ITERATION: 645
ENERGY: -271.525688557 ITERATION: 646
ENERGY: -354.078586184 ITERATION: 646
ENERGY: -226.406379897 ITERATION: 647
ENERGY: -262.412702415 ITERATION: 647
ENERGY: -271.525688557 ITERATION: 648
ENERGY: -354.078586184 ITERATION: 648
ENERGY: -226.406379897 ITERATION: 649
ENERGY: -262.412702415 ITERATION: 649
ENERGY: -271.525688557 ITERATION: 650
ENERGY: -354.078586184 ITERATION: 650
ENERGY: -226.406379897 ITERATION: 651
ENERGY: -262.412702415 ITERATION: 651
ENERGY: -271.525688557 ITERATION: 652
ENERGY: -354.078586184 ITERATION: 652
ENERGY: -226.406379897 ITERATION: 653
ENERGY: -262.412702415 ITERATION: 653
ENERGY: -271.525688557 ITERATION: 654
ENERGY: -354.078586184 ITERATION: 654
ENERGY: -226.406379897 ITERATION: 655
ENERGY: -262.412702415 ITERATION: 655
ENERGY: -271.525688557 ITERATION: 656
ENERGY: -354.078586184 ITERATION: 656
ENERGY: -226.406379897 ITERATION: 657
ENERGY: -262.412702415 ITERATION: 657
ENERGY: -271.525688557 ITERATION: 658
ENERGY: -354.078586184 ITERATION: 658
ENERGY: -226.406379897 ITERATION: 659
ENERGY: -262.412702415 ITERATION: 659
ENERGY: -271.525688557 ITERATION: 660
ENERGY: -354.078586184 ITERATION: 660
ENERGY: -226.406379897 ITERATION: 661
ENERGY: -262.412702415 ITERATION: 661
ENERGY: -271.525688557 ITERATION: 662
ENERGY: -354.078586184 ITERATION: 662
ENERGY: -226.406379897 ITERATION: 663
ENERGY: -262.412702415 ITERATION: 663
ENERGY: -271.525688557 ITERATION: 664
ENERGY: -354.078586184 ITERATION: 664
ENERGY: -226.406379897 ITERATION: 665
ENERGY: -262.412702415 ITERATION: 665
ENERGY: -271.525688557 ITERATION: 666
ENERGY: -354.078586184 ITERATION: 666
ENERGY: -226.406379897 ITERATION: 667
ENERGY: -262.412702415 ITERATION: 667
ENERGY: -271.525688557 ITERATION: 668
ENERGY: -354.078586184 ITERATION: 668
ENERGY: -226.406379897 ITERATION: 669
ENERGY: -262.412702415 ITERATION: 669
ENERGY: -271.525688557 ITERATION: 670
ENERGY: -354.078586184 ITERATION: 670
ENERGY: -226.406379897 ITERATION: 671
ENERGY: -262.412702415 ITERATION: 671
ENERGY: -271.525688557 ITERATION: 672
ENERGY: -354.078586184 ITERATION: 672
ENERGY: -226.406379897 ITERATION: 673
ENERGY: -262.412702415 ITERATION: 673
ENERGY: -271.525688557 ITERATION: 674
ENERGY: -354.078586184 ITERATION: 674
ENERGY: -226.406379897 ITERATION: 675
ENERGY: -262.412702415 ITERATION: 675
ENERGY: -271.525688557 ITERATION: 676
ENERGY: -354.078586184 ITERATION: 676
ENERGY: -226.406379897 ITERATION: 677
ENERGY: -262.412702415 ITERATION: 677
ENERGY: -271.525688557 ITERATION: 678
ENERGY: -354.078586184 ITERATION: 678
ENERGY: -226.406379897 ITERATION: 679
ENERGY: -262.412702415 ITERATION: 679
ENERGY: -271.525688557 ITERATION: 680
ENERGY: -354.078586184 ITERATION: 680
ENERGY: -226.406379897 ITERATION: 681
ENERGY: -262.412702415 ITERATION: 681
ENERGY: -271.525688557 ITERATION: 682
ENERGY: -354.078586184 ITERATION: 682
ENERGY: -226.406379897 ITERATION: 683
ENERGY: -262.412702415 ITERATION: 683
ENERGY: -271.525688557 ITERATION: 684
ENERGY: -354.078586184 ITERATION: 684
ENERGY: -226.406379897 ITERATION: 685
ENERGY: -262.412702415 ITERATION: 685
ENERGY: -271.525688557 ITERATION: 686
ENERGY: -354.078586184 ITERATION: 686
ENERGY: -226.406379897 ITERATION: 687
ENERGY: -262.412702415 ITERATION: 687
ENERGY: -271.525688557 ITERATION: 688
ENERGY: -354.078586184 ITERATION: 688
ENERGY: -226.406379897 ITERATION: 689
ENERGY: -262.412702415 ITERATION: 689
ENERGY: -271.525688557 ITERATION: 690
ENERGY: -354.078586184 ITERATION: 690
ENERGY: -226.406379897 ITERATION: 691
ENERGY: -262.412702415 ITERATION: 691
ENERGY: -271.525688557 ITERATION: 692
ENERGY: -354.078586184 ITERATION: 692
ENERGY: -226.406379897 ITERATION: 693
ENERGY: -262.412702415 ITERATION: 693
ENERGY: -271.525688557 ITERATION: 694
ENERGY: -354.078586184 ITERATION: 694
ENERGY: -226.406379897 ITERATION: 695
ENERGY: -262.412702415 ITERATION: 695
ENERGY: -271.525688557 ITERATION: 696
ENERGY: -354.078586184 ITERATION: 696
ENERGY: -226.406379897 ITERATION: 697
ENERGY: -262.412702415 ITERATION: 697
ENERGY: -271.525688557 ITERATION: 698
ENERGY: -354.078586184 ITERATION: 698
ENERGY: -226.406379897 ITERATION: 699
ENERGY: -262.412702415 ITERATION: 699
ENERGY: -271.525688557 ITERATION: 700
ENERGY: -354.078586184 ITERATION: 700
ENERGY: -226.406379897 ITERATION: 701
ENERGY: -262.412702415 ITERATION: 701
ENERGY: -271.525688557 ITERATION: 702
ENERGY: -354.078586184 ITERATION: 702
ENERGY: -226.406379897 ITERATION: 703
ENERGY: -262.412702415 ITERATION: 703
ENERGY: -271.525688557 ITERATION: 704
ENERGY: -354.078586184 ITERATION: 704
ENERGY: -226.406379897 ITERATION: 705
ENERGY: -262.412702415 ITERATION: 705
ENERGY: -271.525688557 ITERATION: 706
ENERGY: -354.078586184 ITERATION: 706
ENERGY: -226.406379897 ITERATION: 707
ENERGY: -262.412702415 ITERATION: 707
ENERGY: -271.525688557 ITERATION: 708
ENERGY: -354.078586184 ITERATION: 708
ENERGY: -226.406379897 ITERATION: 709
ENERGY: -262.412702415 ITERATION: 709
ENERGY: -271.525688557 ITERATION: 710
ENERGY: -354.078586184 ITERATION: 710
ENERGY: -226.406379897 ITERATION: 711
ENERGY: -262.412702415 ITERATION: 711
ENERGY: -271.525688557 ITERATION: 712
ENERGY: -354.078586184 ITERATION: 712
ENERGY: -226.406379897 ITERATION: 713
ENERGY: -262.412702415 ITERATION: 713
ENERGY: -271.525688557 ITERATION: 714
ENERGY: -354.078586184 ITERATION: 714
ENERGY: -226.406379897 ITERATION: 715
ENERGY: -262.412702415 ITERATION: 715
ENERGY: -271.525688557 ITERATION: 716
ENERGY: -354.078586184 ITERATION: 716
ENERGY: -226.406379897 ITERATION: 717
ENERGY: -262.412702415 ITERATION: 717
ENERGY: -271.525688557 ITERATION: 718
ENERGY: -354.078586184 ITERATION: 718
ENERGY: -226.406379897 ITERATION: 719
ENERGY: -262.412702415 ITERATION: 719
ENERGY: -271.525688557 ITERATION: 720
ENERGY: -354.078586184 ITERATION: 720
ENERGY: -226.406379897 ITERATION: 721
ENERGY: -262.412702415 ITERATION: 721
ENERGY: -271.525688557 ITERATION: 722
ENERGY: -354.078586184 ITERATION: 722
ENERGY: -226.406379897 ITERATION: 723
ENERGY: -262.412702415 ITERATION: 723
ENERGY: -271.525688557 ITERATION: 724
ENERGY: -354.078586184 ITERATION: 724
ENERGY: -226.406379897 ITERATION: 725
ENERGY: -262.412702415 ITERATION: 725
ENERGY: -271.525688557 ITERATION: 726
ENERGY: -354.078586184 ITERATION: 726
ENERGY: -226.406379897 ITERATION: 727
ENERGY: -262.412702415 ITERATION: 727
ENERGY: -271.525688557 ITERATION: 728
ENERGY: -354.078586184 ITERATION: 728
ENERGY: -226.406379897 ITERATION: 729
ENERGY: -262.412702415 ITERATION: 729
ENERGY: -271.525688557 ITERATION: 730
ENERGY: -354.078586184 ITERATION: 730
ENERGY: -226.406379897 ITERATION: 731
ENERGY: -262.412702415 ITERATION: 731
ENERGY: -271.525688557 ITERATION: 732
ENERGY: -354.078586184 ITERATION: 732
ENERGY: -226.406379897 ITERATION: 733
ENERGY: -262.412702415 ITERATION: 733
ENERGY: -271.525688557 ITERATION: 734
ENERGY: -354.078586184 ITERATION: 734
ENERGY: -226.406379897 ITERATION: 735
ENERGY: -262.412702415 ITERATION: 735
ENERGY: -271.525688557 ITERATION: 736
ENERGY: -354.078586184 ITERATION: 736
ENERGY: -226.406379897 ITERATION: 737
ENERGY: -262.412702415 ITERATION: 737
ENERGY: -271.525688557 ITERATION: 738
ENERGY: -354.078586184 ITERATION: 738
ENERGY: -226.406379897 ITERATION: 739
ENERGY: -262.412702415 ITERATION: 739
ENERGY: -271.525688557 ITERATION: 740
ENERGY: -354.078586184 ITERATION: 740
ENERGY: -226.406379897 ITERATION: 741
ENERGY: -262.412702415 ITERATION: 741
ENERGY: -271.525688557 ITERATION: 742
ENERGY: -354.078586184 ITERATION: 742
ENERGY: -226.406379897 ITERATION: 743
ENERGY: -262.412702415 ITERATION: 743
ENERGY: -271.525688557 ITERATION: 744
ENERGY: -354.078586184 ITERATION: 744
ENERGY: -226.406379897 ITERATION: 745
ENERGY: -262.412702415 ITERATION: 745
ENERGY: -271.525688557 ITERATION: 746
ENERGY: -354.078586184 ITERATION: 746
ENERGY: -226.406379897 ITERATION: 747
ENERGY: -262.412702415 ITERATION: 747
ENERGY: -271.525688557 ITERATION: 748
ENERGY: -354.078586184 ITERATION: 748
ENERGY: -226.406379897 ITERATION: 749
ENERGY: -262.412702415 ITERATION: 749
ENERGY: -271.525688557 ITERATION: 750
ENERGY: -354.078586184 ITERATION: 750
ENERGY: -226.406379897 ITERATION: 751
ENERGY: -262.412702415 ITERATION: 751
ENERGY: -271.525688557 ITERATION: 752
ENERGY: -354.078586184 ITERATION: 752
ENERGY: -226.406379897 ITERATION: 753
ENERGY: -262.412702415 ITERATION: 753
ENERGY: -271.525688557 ITERATION: 754
ENERGY: -354.078586184 ITERATION: 754
ENERGY: -226.406379897 ITERATION: 755
ENERGY: -262.412702415 ITERATION: 755
ENERGY: -271.525688557 ITERATION: 756
ENERGY: -354.078586184 ITERATION: 756
ENERGY: -226.406379897 ITERATION: 757
ENERGY: -262.412702415 ITERATION: 757
ENERGY: -271.525688557 ITERATION: 758
ENERGY: -354.078586184 ITERATION: 758
ENERGY: -226.406379897 ITERATION: 759
ENERGY: -262.412702415 ITERATION: 759
ENERGY: -271.525688557 ITERATION: 760
ENERGY: -354.078586184 ITERATION: 760
ENERGY: -226.406379897 ITERATION: 761
ENERGY: -262.412702415 ITERATION: 761
ENERGY: -271.525688557 ITERATION: 762
ENERGY: -354.078586184 ITERATION: 762
ENERGY: -226.406379897 ITERATION: 763
ENERGY: -262.412702415 ITERATION: 763
ENERGY: -271.525688557 ITERATION: 764
ENERGY: -354.078586184 ITERATION: 764
ENERGY: -226.406379897 ITERATION: 765
ENERGY: -262.412702415 ITERATION: 765
ENERGY: -271.525688557 ITERATION: 766
ENERGY: -354.078586184 ITERATION: 766
ENERGY: -226.406379897 ITERATION: 767
ENERGY: -262.412702415 ITERATION: 767
ENERGY: -271.525688557 ITERATION: 768
ENERGY: -354.078586184 ITERATION: 768
ENERGY: -226.406379897 ITERATION: 769
ENERGY: -262.412702415 ITERATION: 769
ENERGY: -271.525688557 ITERATION: 770
ENERGY: -354.078586184 ITERATION: 770
ENERGY: -226.406379897 ITERATION: 771
ENERGY: -262.412702415 ITERATION: 771
ENERGY: -271.525688557 ITERATION: 772
ENERGY: -354.078586184 ITERATION: 772
ENERGY: -226.406379897 ITERATION: 773
ENERGY: -262.412702415 ITERATION: 773
ENERGY: -271.525688557 ITERATION: 774
ENERGY: -354.078586184 ITERATION: 774
ENERGY: -226.406379897 ITERATION: 775
ENERGY: -262.412702415 ITERATION: 775
ENERGY: -271.525688557 ITERATION: 776
ENERGY: -354.078586184 ITERATION: 776
ENERGY: -226.406379897 ITERATION: 777
ENERGY: -262.412702415 ITERATION: 777
ENERGY: -271.525688557 ITERATION: 778
ENERGY: -354.078586184 ITERATION: 778
ENERGY: -226.406379897 ITERATION: 779
ENERGY: -262.412702415 ITERATION: 779
ENERGY: -271.525688557 ITERATION: 780
ENERGY: -354.078586184 ITERATION: 780
ENERGY: -226.406379897 ITERATION: 781
ENERGY: -262.412702415 ITERATION: 781
ENERGY: -271.525688557 ITERATION: 782
ENERGY: -354.078586184 ITERATION: 782
ENERGY: -226.406379897 ITERATION: 783
ENERGY: -262.412702415 ITERATION: 783
ENERGY: -271.525688557 ITERATION: 784
ENERGY: -354.078586184 ITERATION: 784
ENERGY: -226.406379897 ITERATION: 785
ENERGY: -262.412702415 ITERATION: 785
ENERGY: -271.525688557 ITERATION: 786
ENERGY: -354.078586184 ITERATION: 786
ENERGY: -226.406379897 ITERATION: 787
ENERGY: -262.412702415 ITERATION: 787
ENERGY: -271.525688557 ITERATION: 788
ENERGY: -354.078586184 ITERATION: 788
ENERGY: -226.406379897 ITERATION: 789
ENERGY: -262.412702415 ITERATION: 789
ENERGY: -271.525688557 ITERATION: 790
ENERGY: -354.078586184 ITERATION: 790
ENERGY: -226.406379897 ITERATION: 791
ENERGY: -262.412702415 ITERATION: 791
ENERGY: -271.525688557 ITERATION: 792
ENERGY: -354.078586184 ITERATION: 792
ENERGY: -226.406379897 ITERATION: 793
ENERGY: -262.412702415 ITERATION: 793
ENERGY: -271.525688557 ITERATION: 794
ENERGY: -354.078586184 ITERATION: 794
ENERGY: -226.406379897 ITERATION: 795
ENERGY: -262.412702415 ITERATION: 795
ENERGY: -271.525688557 ITERATION: 796
ENERGY: -354.078586184 ITERATION: 796
ENERGY: -226.406379897 ITERATION: 797
ENERGY: -262.412702415 ITERATION: 797
ENERGY: -271.525688557 ITERATION: 798
ENERGY: -354.078586184 ITERATION: 798
ENERGY: -226.406379897 ITERATION: 799
ENERGY: -262.412702415 ITERATION: 799
ENERGY: -271.525688557 ITERATION: 800
ENERGY: -354.078586184 ITERATION: 800
ENERGY: -226.406379897 ITERATION: 801
ENERGY: -262.412702415 ITERATION: 801
ENERGY: -271.525688557 ITERATION: 802
ENERGY: -354.078586184 ITERATION: 802
ENERGY: -226.406379897 ITERATION: 803
ENERGY: -262.412702415 ITERATION: 803
ENERGY: -271.525688557 ITERATION: 804
ENERGY: -354.078586184 ITERATION: 804
ENERGY: -226.406379897 ITERATION: 805
ENERGY: -262.412702415 ITERATION: 805
ENERGY: -271.525688557 ITERATION: 806
ENERGY: -354.078586184 ITERATION: 806
ENERGY: -226.406379897 ITERATION: 807
ENERGY: -262.412702415 ITERATION: 807
ENERGY: -271.525688557 ITERATION: 808
ENERGY: -354.078586184 ITERATION: 808
ENERGY: -226.406379897 ITERATION: 809
ENERGY: -262.412702415 ITERATION: 809
ENERGY: -271.525688557 ITERATION: 810
ENERGY: -354.078586184 ITERATION: 810
ENERGY: -226.406379897 ITERATION: 811
ENERGY: -262.412702415 ITERATION: 811
ENERGY: -271.525688557 ITERATION: 812
ENERGY: -354.078586184 ITERATION: 812
ENERGY: -226.406379897 ITERATION: 813
ENERGY: -262.412702415 ITERATION: 813
ENERGY: -271.525688557 ITERATION: 814
ENERGY: -354.078586184 ITERATION: 814
ENERGY: -226.406379897 ITERATION: 815
ENERGY: -262.412702415 ITERATION: 815
ENERGY: -271.525688557 ITERATION: 816
ENERGY: -354.078586184 ITERATION: 816
ENERGY: -226.406379897 ITERATION: 817
ENERGY: -262.412702415 ITERATION: 817
ENERGY: -271.525688557 ITERATION: 818
ENERGY: -354.078586184 ITERATION: 818
ENERGY: -226.406379897 ITERATION: 819
ENERGY: -262.412702415 ITERATION: 819
ENERGY: -271.525688557 ITERATION: 820
ENERGY: -354.078586184 ITERATION: 820
ENERGY: -226.406379897 ITERATION: 821
ENERGY: -262.412702415 ITERATION: 821
ENERGY: -271.525688557 ITERATION: 822
ENERGY: -354.078586184 ITERATION: 822
ENERGY: -226.406379897 ITERATION: 823
ENERGY: -262.412702415 ITERATION: 823
ENERGY: -271.525688557 ITERATION: 824
ENERGY: -354.078586184 ITERATION: 824
ENERGY: -226.406379897 ITERATION: 825
ENERGY: -262.412702415 ITERATION: 825
ENERGY: -271.525688557 ITERATION: 826
ENERGY: -354.078586184 ITERATION: 826
ENERGY: -226.406379897 ITERATION: 827
ENERGY: -262.412702415 ITERATION: 827
ENERGY: -271.525688557 ITERATION: 828
ENERGY: -354.078586184 ITERATION: 828
ENERGY: -226.406379897 ITERATION: 829
ENERGY: -262.412702415 ITERATION: 829
ENERGY: -271.525688557 ITERATION: 830
ENERGY: -354.078586184 ITERATION: 830
ENERGY: -226.406379897 ITERATION: 831
ENERGY: -262.412702415 ITERATION: 831
ENERGY: -271.525688557 ITERATION: 832
ENERGY: -354.078586184 ITERATION: 832
ENERGY: -226.406379897 ITERATION: 833
ENERGY: -262.412702415 ITERATION: 833
ENERGY: -271.525688557 ITERATION: 834
ENERGY: -354.078586184 ITERATION: 834
ENERGY: -226.406379897 ITERATION: 835
ENERGY: -262.412702415 ITERATION: 835
ENERGY: -271.525688557 ITERATION: 836
ENERGY: -354.078586184 ITERATION: 836
ENERGY: -226.406379897 ITERATION: 837
ENERGY: -262.412702415 ITERATION: 837
ENERGY: -271.525688557 ITERATION: 838
ENERGY: -354.078586184 ITERATION: 838
ENERGY: -226.406379897 ITERATION: 839
ENERGY: -262.412702415 ITERATION: 839
ENERGY: -271.525688557 ITERATION: 840
ENERGY: -354.078586184 ITERATION: 840
ENERGY: -226.406379897 ITERATION: 841
ENERGY: -262.412702415 ITERATION: 841
ENERGY: -271.525688557 ITERATION: 842
ENERGY: -354.078586184 ITERATION: 842
ENERGY: -226.406379897 ITERATION: 843
ENERGY: -262.412702415 ITERATION: 843
ENERGY: -271.525688557 ITERATION: 844
ENERGY: -354.078586184 ITERATION: 844
ENERGY: -226.406379897 ITERATION: 845
ENERGY: -262.412702415 ITERATION: 845
ENERGY: -271.525688557 ITERATION: 846
ENERGY: -354.078586184 ITERATION: 846
ENERGY: -226.406379897 ITERATION: 847
ENERGY: -262.412702415 ITERATION: 847
ENERGY: -271.525688557 ITERATION: 848
ENERGY: -354.078586184 ITERATION: 848
ENERGY: -226.406379897 ITERATION: 849
ENERGY: -262.412702415 ITERATION: 849
ENERGY: -271.525688557 ITERATION: 850
ENERGY: -354.078586184 ITERATION: 850
ENERGY: -226.406379897 ITERATION: 851
ENERGY: -262.412702415 ITERATION: 851
ENERGY: -271.525688557 ITERATION: 852
ENERGY: -354.078586184 ITERATION: 852
ENERGY: -226.406379897 ITERATION: 853
ENERGY: -262.412702415 ITERATION: 853
ENERGY: -271.525688557 ITERATION: 854
ENERGY: -354.078586184 ITERATION: 854
ENERGY: -226.406379897 ITERATION: 855
ENERGY: -262.412702415 ITERATION: 855
ENERGY: -271.525688557 ITERATION: 856
ENERGY: -354.078586184 ITERATION: 856
ENERGY: -226.406379897 ITERATION: 857
ENERGY: -262.412702415 ITERATION: 857
ENERGY: -271.525688557 ITERATION: 858
ENERGY: -354.078586184 ITERATION: 858
ENERGY: -226.406379897 ITERATION: 859
ENERGY: -262.412702415 ITERATION: 859
ENERGY: -271.525688557 ITERATION: 860
ENERGY: -354.078586184 ITERATION: 860
ENERGY: -226.406379897 ITERATION: 861
ENERGY: -262.412702415 ITERATION: 861
ENERGY: -271.525688557 ITERATION: 862
ENERGY: -354.078586184 ITERATION: 862
ENERGY: -226.406379897 ITERATION: 863
ENERGY: -262.412702415 ITERATION: 863
ENERGY: -271.525688557 ITERATION: 864
ENERGY: -354.078586184 ITERATION: 864
ENERGY: -226.406379897 ITERATION: 865
ENERGY: -262.412702415 ITERATION: 865
ENERGY: -271.525688557 ITERATION: 866
ENERGY: -354.078586184 ITERATION: 866
ENERGY: -226.406379897 ITERATION: 867
ENERGY: -262.412702415 ITERATION: 867
ENERGY: -271.525688557 ITERATION: 868
ENERGY: -354.078586184 ITERATION: 868
ENERGY: -226.406379897 ITERATION: 869
ENERGY: -262.412702415 ITERATION: 869
ENERGY: -271.525688557 ITERATION: 870
ENERGY: -354.078586184 ITERATION: 870
ENERGY: -226.406379897 ITERATION: 871
ENERGY: -262.412702415 ITERATION: 871
ENERGY: -271.525688557 ITERATION: 872
ENERGY: -354.078586184 ITERATION: 872
ENERGY: -226.406379897 ITERATION: 873
ENERGY: -262.412702415 ITERATION: 873
ENERGY: -271.525688557 ITERATION: 874
ENERGY: -354.078586184 ITERATION: 874
ENERGY: -226.406379897 ITERATION: 875
ENERGY: -262.412702415 ITERATION: 875
ENERGY: -271.525688557 ITERATION: 876
ENERGY: -354.078586184 ITERATION: 876
ENERGY: -226.406379897 ITERATION: 877
ENERGY: -262.412702415 ITERATION: 877
ENERGY: -271.525688557 ITERATION: 878
ENERGY: -354.078586184 ITERATION: 878
ENERGY: -226.406379897 ITERATION: 879
ENERGY: -262.412702415 ITERATION: 879
ENERGY: -271.525688557 ITERATION: 880
ENERGY: -354.078586184 ITERATION: 880
ENERGY: -226.406379897 ITERATION: 881
ENERGY: -262.412702415 ITERATION: 881
ENERGY: -271.525688557 ITERATION: 882
ENERGY: -354.078586184 ITERATION: 882
ENERGY: -226.406379897 ITERATION: 883
ENERGY: -262.412702415 ITERATION: 883
ENERGY: -271.525688557 ITERATION: 884
ENERGY: -354.078586184 ITERATION: 884
ENERGY: -226.406379897 ITERATION: 885
ENERGY: -262.412702415 ITERATION: 885
ENERGY: -271.525688557 ITERATION: 886
ENERGY: -354.078586184 ITERATION: 886
ENERGY: -226.406379897 ITERATION: 887
ENERGY: -262.412702415 ITERATION: 887
ENERGY: -271.525688557 ITERATION: 888
ENERGY: -354.078586184 ITERATION: 888
ENERGY: -226.406379897 ITERATION: 889
ENERGY: -262.412702415 ITERATION: 889
ENERGY: -271.525688557 ITERATION: 890
ENERGY: -354.078586184 ITERATION: 890
ENERGY: -226.406379897 ITERATION: 891
ENERGY: -262.412702415 ITERATION: 891
ENERGY: -271.525688557 ITERATION: 892
ENERGY: -354.078586184 ITERATION: 892
ENERGY: -226.406379897 ITERATION: 893
ENERGY: -262.412702415 ITERATION: 893
ENERGY: -271.525688557 ITERATION: 894
ENERGY: -354.078586184 ITERATION: 894
ENERGY: -226.406379897 ITERATION: 895
ENERGY: -262.412702415 ITERATION: 895
ENERGY: -271.525688557 ITERATION: 896
ENERGY: -354.078586184 ITERATION: 896
ENERGY: -226.406379897 ITERATION: 897
ENERGY: -262.412702415 ITERATION: 897
ENERGY: -271.525688557 ITERATION: 898
ENERGY: -354.078586184 ITERATION: 898
ENERGY: -226.406379897 ITERATION: 899
ENERGY: -262.412702415 ITERATION: 899
ENERGY: -271.525688557 ITERATION: 900
ENERGY: -354.078586184 ITERATION: 900
ENERGY: -226.406379897 ITERATION: 901
ENERGY: -262.412702415 ITERATION: 901
ENERGY: -271.525688557 ITERATION: 902
ENERGY: -354.078586184 ITERATION: 902
ENERGY: -226.406379897 ITERATION: 903
ENERGY: -262.412702415 ITERATION: 903
ENERGY: -271.525688557 ITERATION: 904
ENERGY: -354.078586184 ITERATION: 904
ENERGY: -226.406379897 ITERATION: 905
ENERGY: -262.412702415 ITERATION: 905
ENERGY: -271.525688557 ITERATION: 906
ENERGY: -354.078586184 ITERATION: 906
ENERGY: -226.406379897 ITERATION: 907
ENERGY: -262.412702415 ITERATION: 907
ENERGY: -271.525688557 ITERATION: 908
ENERGY: -354.078586184 ITERATION: 908
ENERGY: -226.406379897 ITERATION: 909
ENERGY: -262.412702415 ITERATION: 909
ENERGY: -271.525688557 ITERATION: 910
ENERGY: -354.078586184 ITERATION: 910
ENERGY: -226.406379897 ITERATION: 911
ENERGY: -262.412702415 ITERATION: 911
ENERGY: -271.525688557 ITERATION: 912
ENERGY: -354.078586184 ITERATION: 912
ENERGY: -226.406379897 ITERATION: 913
ENERGY: -262.412702415 ITERATION: 913
ENERGY: -271.525688557 ITERATION: 914
ENERGY: -354.078586184 ITERATION: 914
ENERGY: -226.406379897 ITERATION: 915
ENERGY: -262.412702415 ITERATION: 915
ENERGY: -271.525688557 ITERATION: 916
ENERGY: -354.078586184 ITERATION: 916
ENERGY: -226.406379897 ITERATION: 917
ENERGY: -262.412702415 ITERATION: 917
ENERGY: -271.525688557 ITERATION: 918
ENERGY: -354.078586184 ITERATION: 918
ENERGY: -226.406379897 ITERATION: 919
ENERGY: -262.412702415 ITERATION: 919
ENERGY: -271.525688557 ITERATION: 920
ENERGY: -354.078586184 ITERATION: 920
ENERGY: -226.406379897 ITERATION: 921
ENERGY: -262.412702415 ITERATION: 921
ENERGY: -271.525688557 ITERATION: 922
ENERGY: -354.078586184 ITERATION: 922
ENERGY: -226.406379897 ITERATION: 923
ENERGY: -262.412702415 ITERATION: 923
ENERGY: -271.525688557 ITERATION: 924
ENERGY: -354.078586184 ITERATION: 924
ENERGY: -226.406379897 ITERATION: 925
ENERGY: -262.412702415 ITERATION: 925
ENERGY: -271.525688557 ITERATION: 926
ENERGY: -354.078586184 ITERATION: 926
ENERGY: -226.406379897 ITERATION: 927
ENERGY: -262.412702415 ITERATION: 927
ENERGY: -271.525688557 ITERATION: 928
ENERGY: -354.078586184 ITERATION: 928
ENERGY: -226.406379897 ITERATION: 929
ENERGY: -262.412702415 ITERATION: 929
ENERGY: -271.525688557 ITERATION: 930
ENERGY: -354.078586184 ITERATION: 930
ENERGY: -226.406379897 ITERATION: 931
ENERGY: -262.412702415 ITERATION: 931
ENERGY: -271.525688557 ITERATION: 932
ENERGY: -354.078586184 ITERATION: 932
ENERGY: -226.406379897 ITERATION: 933
ENERGY: -262.412702415 ITERATION: 933
ENERGY: -271.525688557 ITERATION: 934
ENERGY: -354.078586184 ITERATION: 934
ENERGY: -226.406379897 ITERATION: 935
ENERGY: -262.412702415 ITERATION: 935
ENERGY: -271.525688557 ITERATION: 936
ENERGY: -354.078586184 ITERATION: 936
ENERGY: -226.406379897 ITERATION: 937
ENERGY: -262.412702415 ITERATION: 937
ENERGY: -271.525688557 ITERATION: 938
ENERGY: -354.078586184 ITERATION: 938
ENERGY: -226.406379897 ITERATION: 939
ENERGY: -262.412702415 ITERATION: 939
ENERGY: -271.525688557 ITERATION: 940
ENERGY: -354.078586184 ITERATION: 940
ENERGY: -226.406379897 ITERATION: 941
ENERGY: -262.412702415 ITERATION: 941
ENERGY: -271.525688557 ITERATION: 942
ENERGY: -354.078586184 ITERATION: 942
ENERGY: -226.406379897 ITERATION: 943
ENERGY: -262.412702415 ITERATION: 943
ENERGY: -271.525688557 ITERATION: 944
ENERGY: -354.078586184 ITERATION: 944
ENERGY: -226.406379897 ITERATION: 945
ENERGY: -262.412702415 ITERATION: 945
ENERGY: -271.525688557 ITERATION: 946
ENERGY: -354.078586184 ITERATION: 946
ENERGY: -226.406379897 ITERATION: 947
ENERGY: -262.412702415 ITERATION: 947
ENERGY: -271.525688557 ITERATION: 948
ENERGY: -354.078586184 ITERATION: 948
ENERGY: -226.406379897 ITERATION: 949
ENERGY: -262.412702415 ITERATION: 949
ENERGY: -271.525688557 ITERATION: 950
ENERGY: -354.078586184 ITERATION: 950
ENERGY: -226.406379897 ITERATION: 951
ENERGY: -262.412702415 ITERATION: 951
ENERGY: -271.525688557 ITERATION: 952
ENERGY: -354.078586184 ITERATION: 952
ENERGY: -226.406379897 ITERATION: 953
ENERGY: -262.412702415 ITERATION: 953
ENERGY: -271.525688557 ITERATION: 954
ENERGY: -354.078586184 ITERATION: 954
ENERGY: -226.406379897 ITERATION: 955
ENERGY: -262.412702415 ITERATION: 955
ENERGY: -271.525688557 ITERATION: 956
ENERGY: -354.078586184 ITERATION: 956
ENERGY: -226.406379897 ITERATION: 957
ENERGY: -262.412702415 ITERATION: 957
ENERGY: -271.525688557 ITERATION: 958
ENERGY: -354.078586184 ITERATION: 958
ENERGY: -226.406379897 ITERATION: 959
ENERGY: -262.412702415 ITERATION: 959
ENERGY: -271.525688557 ITERATION: 960
ENERGY: -354.078586184 ITERATION: 960
ENERGY: -226.406379897 ITERATION: 961
ENERGY: -262.412702415 ITERATION: 961
ENERGY: -271.525688557 ITERATION: 962
ENERGY: -354.078586184 ITERATION: 962
ENERGY: -226.406379897 ITERATION: 963
ENERGY: -262.412702415 ITERATION: 963
ENERGY: -271.525688557 ITERATION: 964
ENERGY: -354.078586184 ITERATION: 964
ENERGY: -226.406379897 ITERATION: 965
ENERGY: -262.412702415 ITERATION: 965
ENERGY: -271.525688557 ITERATION: 966
ENERGY: -354.078586184 ITERATION: 966
ENERGY: -226.406379897 ITERATION: 967
ENERGY: -262.412702415 ITERATION: 967
ENERGY: -271.525688557 ITERATION: 968
ENERGY: -354.078586184 ITERATION: 968
ENERGY: -226.406379897 ITERATION: 969
ENERGY: -262.412702415 ITERATION: 969
ENERGY: -271.525688557 ITERATION: 970
ENERGY: -354.078586184 ITERATION: 970
ENERGY: -226.406379897 ITERATION: 971
ENERGY: -262.412702415 ITERATION: 971
ENERGY: -271.525688557 ITERATION: 972
ENERGY: -354.078586184 ITERATION: 972
ENERGY: -226.406379897 ITERATION: 973
ENERGY: -262.412702415 ITERATION: 973
ENERGY: -271.525688557 ITERATION: 974
ENERGY: -354.078586184 ITERATION: 974
ENERGY: -226.406379897 ITERATION: 975
ENERGY: -262.412702415 ITERATION: 975
ENERGY: -271.525688557 ITERATION: 976
ENERGY: -354.078586184 ITERATION: 976
ENERGY: -226.406379897 ITERATION: 977
ENERGY: -262.412702415 ITERATION: 977
ENERGY: -271.525688557 ITERATION: 978
ENERGY: -354.078586184 ITERATION: 978
ENERGY: -226.406379897 ITERATION: 979
ENERGY: -262.412702415 ITERATION: 979
ENERGY: -271.525688557 ITERATION: 980
ENERGY: -354.078586184 ITERATION: 980
ENERGY: -226.406379897 ITERATION: 981
ENERGY: -262.412702415 ITERATION: 981
ENERGY: -271.525688557 ITERATION: 982
ENERGY: -354.078586184 ITERATION: 982
ENERGY: -226.406379897 ITERATION: 983
ENERGY: -262.412702415 ITERATION: 983
ENERGY: -271.525688557 ITERATION: 984
ENERGY: -354.078586184 ITERATION: 984
ENERGY: -226.406379897 ITERATION: 985
ENERGY: -262.412702415 ITERATION: 985
ENERGY: -271.525688557 ITERATION: 986
ENERGY: -354.078586184 ITERATION: 986
ENERGY: -226.406379897 ITERATION: 987
ENERGY: -262.412702415 ITERATION: 987
ENERGY: -271.525688557 ITERATION: 988
ENERGY: -354.078586184 ITERATION: 988
ENERGY: -226.406379897 ITERATION: 989
ENERGY: -262.412702415 ITERATION: 989
ENERGY: -271.525688557 ITERATION: 990
ENERGY: -354.078586184 ITERATION: 990
ENERGY: -226.406379897 ITERATION: 991
ENERGY: -262.412702415 ITERATION: 991
ENERGY: -271.525688557 ITERATION: 992
ENERGY: -354.078586184 ITERATION: 992
ENERGY: -226.406379897 ITERATION: 993
ENERGY: -262.412702415 ITERATION: 993
ENERGY: -271.525688557 ITERATION: 994
ENERGY: -354.078586184 ITERATION: 994
ENERGY: -226.406379897 ITERATION: 995
ENERGY: -262.412702415 ITERATION: 995
ENERGY: -271.525688557 ITERATION: 996
ENERGY: -354.078586184 ITERATION: 996
ENERGY: -226.406379897 ITERATION: 997
ENERGY: -262.412702415 ITERATION: 997
ENERGY: -271.525688557 ITERATION: 998
ENERGY: -354.078586184 ITERATION: 998
ENERGY: -226.406379897 ITERATION: 999
ENERGY: -262.412702415 ITERATION: 999
ENERGY: -271.525688557 ITERATION: 1000
ENERGY: -354.078586184 ITERATION: 1000
not converged
finished calculating
skipped newFCIDUMP
